{"meta": {"format": 3, "version": "7.13.4", "timestamp": "2026-03-07T13:57:42.909197", "branch_coverage": false, "show_contexts": false}, "files": {"__init__.py": {"executed_lines": [], "summary": {"covered_lines": 0, "num_statements": 0, "percent_covered": 100.0, "percent_covered_display": "100", "missing_lines": 0, "excluded_lines": 0, "percent_statements_covered": 100.0, "percent_statements_covered_display": "100"}, "missing_lines": [], "excluded_lines": [], "functions": {"": {"executed_lines": [], "summary": {"covered_lines": 0, "num_statements": 0, "percent_covered": 100.0, "percent_covered_display": "100", "missing_lines": 0, "excluded_lines": 0, "percent_statements_covered": 100.0, "percent_statements_covered_display": "100"}, "missing_lines": [], "excluded_lines": [], "start_line": 1}}, "classes": {"": {"executed_lines": [], "summary": {"covered_lines": 0, "num_statements": 0, "percent_covered": 100.0, "percent_covered_display": "100", "missing_lines": 0, "excluded_lines": 0, "percent_statements_covered": 100.0, "percent_statements_covered_display": "100"}, "missing_lines": [], "excluded_lines": [], "start_line": 1}}}, "contracts.py": {"executed_lines": [3, 5, 6, 7, 8, 10, 11, 16, 17, 18, 23, 24, 25, 26, 27, 30, 31, 32, 33, 34, 38, 39, 40, 41, 42, 43, 44, 45, 46, 47, 50, 53, 54, 55, 56, 57, 58, 59, 60, 61, 62, 63, 64, 65, 66, 67, 70, 71, 72, 73, 74, 75, 76, 77, 78, 79, 80, 81, 82, 83, 84, 86, 87, 93, 94, 95, 96, 97, 98, 105, 106, 107, 112, 113, 120, 137, 138, 139, 140, 141, 142, 143, 144, 145, 146, 147, 148, 150, 151, 152, 153, 154, 168, 169, 170, 171, 172, 173, 174, 175, 176, 178, 179, 187, 198, 199, 200, 201, 202, 204, 205, 206, 213, 214, 215, 216, 217, 218, 219, 220, 221, 222, 224, 225, 226, 238, 239, 240, 241, 242, 243, 244, 246, 247, 257, 258, 259, 260, 261, 262, 263, 264, 265, 267, 268, 280, 281, 282, 283, 284, 285, 286, 287, 288, 290, 291, 303, 304, 305, 306, 307, 308, 310, 311, 320, 321, 322, 324, 325, 329, 330, 331, 332, 333, 334, 335, 336, 338, 339, 340, 350, 351, 352, 353, 354, 355, 357, 358, 367, 368, 369, 370, 371, 372, 373, 374, 376, 377], "summary": {"covered_lines": 198, "num_statements": 209, "percent_covered": 94.73684210526316, "percent_covered_display": "95", "missing_lines": 11, "excluded_lines": 2, "percent_statements_covered": 94.73684210526316, "percent_statements_covered_display": "95"}, "missing_lines": [19, 20, 35, 49, 248, 269, 292, 312, 326, 359, 378], "excluded_lines": [12, 13], "functions": {"_safe_int": {"executed_lines": [17, 18], "summary": {"covered_lines": 2, "num_statements": 4, "percent_covered": 50.0, "percent_covered_display": "50", "missing_lines": 2, "excluded_lines": 0, "percent_statements_covered": 50.0, "percent_statements_covered_display": "50"}, "missing_lines": [19, 20], "excluded_lines": [], "start_line": 16}, "_optional_str": {"executed_lines": [24, 25, 26, 27], "summary": {"covered_lines": 4, "num_statements": 4, "percent_covered": 100.0, "percent_covered_display": "100", "missing_lines": 0, "excluded_lines": 0, "percent_statements_covered": 100.0, "percent_statements_covered_display": "100"}, "missing_lines": [], "excluded_lines": [], "start_line": 23}, "_as_bool": {"executed_lines": [31, 32, 33, 34], "summary": {"covered_lines": 4, "num_statements": 5, "percent_covered": 80.0, "percent_covered_display": "80", "missing_lines": 1, "excluded_lines": 0, "percent_statements_covered": 80.0, "percent_statements_covered_display": "80"}, "missing_lines": [35], "excluded_lines": [], "start_line": 30}, "_normalize_project_ids": {"executed_lines": [39, 40, 41, 42, 43, 44, 45, 46, 47, 50], "summary": {"covered_lines": 10, "num_statements": 11, "percent_covered": 90.9090909090909, "percent_covered_display": "91", "missing_lines": 1, "excluded_lines": 0, "percent_statements_covered": 90.9090909090909, "percent_statements_covered_display": "91"}, "missing_lines": [49], "excluded_lines": [], "start_line": 38}, "SearchContextRequest.from_arguments": {"executed_lines": [93, 94, 95, 96, 97, 98, 105, 106, 107, 112, 113, 120], "summary": {"covered_lines": 12, "num_statements": 12, "percent_covered": 100.0, "percent_covered_display": "100", "missing_lines": 0, "excluded_lines": 0, "percent_statements_covered": 100.0, "percent_statements_covered_display": "100"}, "missing_lines": [], "excluded_lines": [], "start_line": 87}, "StoreMemoryRequest.from_arguments": {"executed_lines": [152, 153, 154], "summary": {"covered_lines": 3, "num_statements": 3, "percent_covered": 100.0, "percent_covered_display": "100", "missing_lines": 0, "excluded_lines": 0, "percent_statements_covered": 100.0, "percent_statements_covered_display": "100"}, "missing_lines": [], "excluded_lines": [], "start_line": 151}, "ListMemoriesRequest.from_arguments": {"executed_lines": [187], "summary": {"covered_lines": 1, "num_statements": 1, "percent_covered": 100.0, "percent_covered_display": "100", "missing_lines": 0, "excluded_lines": 0, "percent_statements_covered": 100.0, "percent_statements_covered_display": "100"}, "missing_lines": [], "excluded_lines": [], "start_line": 179}, "DeleteMemoryRequest.from_arguments": {"executed_lines": [206], "summary": {"covered_lines": 1, "num_statements": 1, "percent_covered": 100.0, "percent_covered_display": "100", "missing_lines": 0, "excluded_lines": 0, "percent_statements_covered": 100.0, "percent_statements_covered_display": "100"}, "missing_lines": [], "excluded_lines": [], "start_line": 205}, "RepoIngestRequest.from_namespace": {"executed_lines": [226], "summary": {"covered_lines": 1, "num_statements": 1, "percent_covered": 100.0, "percent_covered_display": "100", "missing_lines": 0, "excluded_lines": 0, "percent_statements_covered": 100.0, "percent_statements_covered_display": "100"}, "missing_lines": [], "excluded_lines": [], "start_line": 225}, "FileIngestRequest.from_namespace": {"executed_lines": [], "summary": {"covered_lines": 0, "num_statements": 1, "percent_covered": 0.0, "percent_covered_display": "0", "missing_lines": 1, "excluded_lines": 0, "percent_statements_covered": 0.0, "percent_statements_covered_display": "0"}, "missing_lines": [248], "excluded_lines": [], "start_line": 247}, "NoteRequest.from_namespace": {"executed_lines": [], "summary": {"covered_lines": 0, "num_statements": 1, "percent_covered": 0.0, "percent_covered_display": "0", "missing_lines": 1, "excluded_lines": 0, "percent_statements_covered": 0.0, "percent_statements_covered_display": "0"}, "missing_lines": [269], "excluded_lines": [], "start_line": 268}, "IngestListRequest.from_namespace": {"executed_lines": [], "summary": {"covered_lines": 0, "num_statements": 1, "percent_covered": 0.0, "percent_covered_display": "0", "missing_lines": 1, "excluded_lines": 0, "percent_statements_covered": 0.0, "percent_statements_covered_display": "0"}, "missing_lines": [292], "excluded_lines": [], "start_line": 291}, "PruneRequest.from_namespace": {"executed_lines": [], "summary": {"covered_lines": 0, "num_statements": 1, "percent_covered": 0.0, "percent_covered_display": "0", "missing_lines": 1, "excluded_lines": 0, "percent_statements_covered": 0.0, "percent_statements_covered_display": "0"}, "missing_lines": [312], "excluded_lines": [], "start_line": 311}, "ClearRequest.from_namespace": {"executed_lines": [], "summary": {"covered_lines": 0, "num_statements": 1, "percent_covered": 0.0, "percent_covered_display": "0", "missing_lines": 1, "excluded_lines": 0, "percent_statements_covered": 0.0, "percent_statements_covered_display": "0"}, "missing_lines": [326], "excluded_lines": [], "start_line": 325}, "ProjectInitRequest.from_namespace": {"executed_lines": [340], "summary": {"covered_lines": 1, "num_statements": 1, "percent_covered": 100.0, "percent_covered_display": "100", "missing_lines": 0, "excluded_lines": 0, "percent_statements_covered": 100.0, "percent_statements_covered_display": "100"}, "missing_lines": [], "excluded_lines": [], "start_line": 339}, "ContextPlanRequest.from_namespace": {"executed_lines": [], "summary": {"covered_lines": 0, "num_statements": 1, "percent_covered": 0.0, "percent_covered_display": "0", "missing_lines": 1, "excluded_lines": 0, "percent_statements_covered": 0.0, "percent_statements_covered_display": "0"}, "missing_lines": [359], "excluded_lines": [], "start_line": 358}, "PolicyRunRequest.from_namespace": {"executed_lines": [], "summary": {"covered_lines": 0, "num_statements": 1, "percent_covered": 0.0, "percent_covered_display": "0", "missing_lines": 1, "excluded_lines": 0, "percent_statements_covered": 0.0, "percent_statements_covered_display": "0"}, "missing_lines": [378], "excluded_lines": [], "start_line": 377}, "": {"executed_lines": [3, 5, 6, 7, 8, 10, 11, 16, 23, 30, 38, 53, 54, 55, 56, 57, 58, 59, 60, 61, 62, 63, 64, 65, 66, 67, 70, 71, 72, 73, 74, 75, 76, 77, 78, 79, 80, 81, 82, 83, 84, 86, 87, 137, 138, 139, 140, 141, 142, 143, 144, 145, 146, 147, 148, 150, 151, 168, 169, 170, 171, 172, 173, 174, 175, 176, 178, 179, 198, 199, 200, 201, 202, 204, 205, 213, 214, 215, 216, 217, 218, 219, 220, 221, 222, 224, 225, 238, 239, 240, 241, 242, 243, 244, 246, 247, 257, 258, 259, 260, 261, 262, 263, 264, 265, 267, 268, 280, 281, 282, 283, 284, 285, 286, 287, 288, 290, 291, 303, 304, 305, 306, 307, 308, 310, 311, 320, 321, 322, 324, 325, 329, 330, 331, 332, 333, 334, 335, 336, 338, 339, 350, 351, 352, 353, 354, 355, 357, 358, 367, 368, 369, 370, 371, 372, 373, 374, 376, 377], "summary": {"covered_lines": 159, "num_statements": 159, "percent_covered": 100.0, "percent_covered_display": "100", "missing_lines": 0, "excluded_lines": 2, "percent_statements_covered": 100.0, "percent_statements_covered_display": "100"}, "missing_lines": [], "excluded_lines": [12, 13], "start_line": 1}}, "classes": {"SearchContextParsePolicy": {"executed_lines": [], "summary": {"covered_lines": 0, "num_statements": 0, "percent_covered": 100.0, "percent_covered_display": "100", "missing_lines": 0, "excluded_lines": 0, "percent_statements_covered": 100.0, "percent_statements_covered_display": "100"}, "missing_lines": [], "excluded_lines": [], "start_line": 54}, "SearchContextRequest": {"executed_lines": [93, 94, 95, 96, 97, 98, 105, 106, 107, 112, 113, 120], "summary": {"covered_lines": 12, "num_statements": 12, "percent_covered": 100.0, "percent_covered_display": "100", "missing_lines": 0, "excluded_lines": 0, "percent_statements_covered": 100.0, "percent_statements_covered_display": "100"}, "missing_lines": [], "excluded_lines": [], "start_line": 71}, "StoreMemoryRequest": {"executed_lines": [152, 153, 154], "summary": {"covered_lines": 3, "num_statements": 3, "percent_covered": 100.0, "percent_covered_display": "100", "missing_lines": 0, "excluded_lines": 0, "percent_statements_covered": 100.0, "percent_statements_covered_display": "100"}, "missing_lines": [], "excluded_lines": [], "start_line": 138}, "ListMemoriesRequest": {"executed_lines": [187], "summary": {"covered_lines": 1, "num_statements": 1, "percent_covered": 100.0, "percent_covered_display": "100", "missing_lines": 0, "excluded_lines": 0, "percent_statements_covered": 100.0, "percent_statements_covered_display": "100"}, "missing_lines": [], "excluded_lines": [], "start_line": 169}, "DeleteMemoryRequest": {"executed_lines": [206], "summary": {"covered_lines": 1, "num_statements": 1, "percent_covered": 100.0, "percent_covered_display": "100", "missing_lines": 0, "excluded_lines": 0, "percent_statements_covered": 100.0, "percent_statements_covered_display": "100"}, "missing_lines": [], "excluded_lines": [], "start_line": 199}, "RepoIngestRequest": {"executed_lines": [226], "summary": {"covered_lines": 1, "num_statements": 1, "percent_covered": 100.0, "percent_covered_display": "100", "missing_lines": 0, "excluded_lines": 0, "percent_statements_covered": 100.0, "percent_statements_covered_display": "100"}, "missing_lines": [], "excluded_lines": [], "start_line": 214}, "FileIngestRequest": {"executed_lines": [], "summary": {"covered_lines": 0, "num_statements": 1, "percent_covered": 0.0, "percent_covered_display": "0", "missing_lines": 1, "excluded_lines": 0, "percent_statements_covered": 0.0, "percent_statements_covered_display": "0"}, "missing_lines": [248], "excluded_lines": [], "start_line": 239}, "NoteRequest": {"executed_lines": [], "summary": {"covered_lines": 0, "num_statements": 1, "percent_covered": 0.0, "percent_covered_display": "0", "missing_lines": 1, "excluded_lines": 0, "percent_statements_covered": 0.0, "percent_statements_covered_display": "0"}, "missing_lines": [269], "excluded_lines": [], "start_line": 258}, "IngestListRequest": {"executed_lines": [], "summary": {"covered_lines": 0, "num_statements": 1, "percent_covered": 0.0, "percent_covered_display": "0", "missing_lines": 1, "excluded_lines": 0, "percent_statements_covered": 0.0, "percent_statements_covered_display": "0"}, "missing_lines": [292], "excluded_lines": [], "start_line": 281}, "PruneRequest": {"executed_lines": [], "summary": {"covered_lines": 0, "num_statements": 1, "percent_covered": 0.0, "percent_covered_display": "0", "missing_lines": 1, "excluded_lines": 0, "percent_statements_covered": 0.0, "percent_statements_covered_display": "0"}, "missing_lines": [312], "excluded_lines": [], "start_line": 304}, "ClearRequest": {"executed_lines": [], "summary": {"covered_lines": 0, "num_statements": 1, "percent_covered": 0.0, "percent_covered_display": "0", "missing_lines": 1, "excluded_lines": 0, "percent_statements_covered": 0.0, "percent_statements_covered_display": "0"}, "missing_lines": [326], "excluded_lines": [], "start_line": 321}, "ProjectInitRequest": {"executed_lines": [340], "summary": {"covered_lines": 1, "num_statements": 1, "percent_covered": 100.0, "percent_covered_display": "100", "missing_lines": 0, "excluded_lines": 0, "percent_statements_covered": 100.0, "percent_statements_covered_display": "100"}, "missing_lines": [], "excluded_lines": [], "start_line": 330}, "ContextPlanRequest": {"executed_lines": [], "summary": {"covered_lines": 0, "num_statements": 1, "percent_covered": 0.0, "percent_covered_display": "0", "missing_lines": 1, "excluded_lines": 0, "percent_statements_covered": 0.0, "percent_statements_covered_display": "0"}, "missing_lines": [359], "excluded_lines": [], "start_line": 351}, "PolicyRunRequest": {"executed_lines": [], "summary": {"covered_lines": 0, "num_statements": 1, "percent_covered": 0.0, "percent_covered_display": "0", "missing_lines": 1, "excluded_lines": 0, "percent_statements_covered": 0.0, "percent_statements_covered_display": "0"}, "missing_lines": [378], "excluded_lines": [], "start_line": 368}, "": {"executed_lines": [3, 5, 6, 7, 8, 10, 11, 16, 17, 18, 23, 24, 25, 26, 27, 30, 31, 32, 33, 34, 38, 39, 40, 41, 42, 43, 44, 45, 46, 47, 50, 53, 54, 55, 56, 57, 58, 59, 60, 61, 62, 63, 64, 65, 66, 67, 70, 71, 72, 73, 74, 75, 76, 77, 78, 79, 80, 81, 82, 83, 84, 86, 87, 137, 138, 139, 140, 141, 142, 143, 144, 145, 146, 147, 148, 150, 151, 168, 169, 170, 171, 172, 173, 174, 175, 176, 178, 179, 198, 199, 200, 201, 202, 204, 205, 213, 214, 215, 216, 217, 218, 219, 220, 221, 222, 224, 225, 238, 239, 240, 241, 242, 243, 244, 246, 247, 257, 258, 259, 260, 261, 262, 263, 264, 265, 267, 268, 280, 281, 282, 283, 284, 285, 286, 287, 288, 290, 291, 303, 304, 305, 306, 307, 308, 310, 311, 320, 321, 322, 324, 325, 329, 330, 331, 332, 333, 334, 335, 336, 338, 339, 350, 351, 352, 353, 354, 355, 357, 358, 367, 368, 369, 370, 371, 372, 373, 374, 376, 377], "summary": {"covered_lines": 179, "num_statements": 183, "percent_covered": 97.81420765027322, "percent_covered_display": "98", "missing_lines": 4, "excluded_lines": 2, "percent_statements_covered": 97.81420765027322, "percent_statements_covered_display": "98"}, "missing_lines": [19, 20, 35, 49], "excluded_lines": [12, 13], "start_line": 1}}}, "examples.py": {"executed_lines": [], "summary": {"covered_lines": 0, "num_statements": 37, "percent_covered": 0.0, "percent_covered_display": "0", "missing_lines": 37, "excluded_lines": 0, "percent_statements_covered": 0.0, "percent_statements_covered_display": "0"}, "missing_lines": [1, 2, 3, 6, 7, 25, 26, 27, 28, 29, 32, 35, 36, 37, 40, 41, 59, 60, 61, 62, 70, 73, 76, 77, 78, 81, 82, 100, 101, 102, 103, 114, 115, 123, 124, 131, 134], "excluded_lines": [], "functions": {"main": {"executed_lines": [], "summary": {"covered_lines": 0, "num_statements": 10, "percent_covered": 0.0, "percent_covered_display": "0", "missing_lines": 10, "excluded_lines": 0, "percent_statements_covered": 0.0, "percent_statements_covered_display": "0"}, "missing_lines": [82, 100, 101, 102, 103, 114, 115, 123, 124, 131], "excluded_lines": [], "start_line": 81}, "": {"executed_lines": [], "summary": {"covered_lines": 0, "num_statements": 15, "percent_covered": 0.0, "percent_covered_display": "0", "missing_lines": 15, "excluded_lines": 0, "percent_statements_covered": 0.0, "percent_statements_covered_display": "0"}, "missing_lines": [1, 2, 3, 6, 32, 35, 36, 37, 40, 73, 76, 77, 78, 81, 134], "excluded_lines": [], "start_line": 1}}, "classes": {"": {"executed_lines": [], "summary": {"covered_lines": 0, "num_statements": 37, "percent_covered": 0.0, "percent_covered_display": "0", "missing_lines": 37, "excluded_lines": 0, "percent_statements_covered": 0.0, "percent_statements_covered_display": "0"}, "missing_lines": [1, 2, 3, 6, 7, 25, 26, 27, 28, 29, 32, 35, 36, 37, 40, 41, 59, 60, 61, 62, 70, 73, 76, 77, 78, 81, 82, 100, 101, 102, 103, 114, 115, 123, 124, 131, 134], "excluded_lines": [], "start_line": 1}}}, "ingest.py": {"executed_lines": [4, 6, 7, 8, 9, 10, 11, 12, 13, 14, 15, 16, 18, 20, 21, 25, 26, 27, 29, 30, 100, 101, 102, 104, 105, 106, 107, 108, 109, 112, 113, 116, 120, 121, 122, 123, 124, 125, 127, 128, 129, 130, 131, 132, 133, 134, 135, 138, 139, 140, 141, 142, 144, 145, 146, 147, 148, 149, 150, 151, 153, 154, 156, 157, 158, 160, 161, 162, 163, 166, 167, 168, 169, 173, 174, 175, 176, 177, 179, 180, 181, 182, 183, 184, 186, 187, 189, 190, 191, 192, 195, 196, 197, 198, 199, 200, 201, 202, 225, 226, 227, 231, 232, 233, 234, 235, 237, 238, 239, 248, 249, 260, 261, 263, 264, 283, 284, 285, 286, 287, 288, 289, 292, 293, 294, 295, 296, 297, 298, 299, 302, 303, 304, 307, 308, 309, 310, 311, 312, 313, 314, 315, 316, 317, 318, 319, 322, 333, 334, 344, 353, 354, 355, 356, 357, 358, 360, 366, 367, 368, 369, 370, 374, 384, 386, 393, 394, 395, 396, 406, 409, 410, 411, 412, 413, 414, 420, 428, 429, 431, 432, 433, 434, 436, 440, 442, 443, 449, 450, 451, 452, 453, 454, 455, 456, 458, 459, 460, 461, 462, 463, 464, 466, 472, 473, 474, 475, 476, 478, 479, 480, 486, 487, 488, 489, 491, 492, 494, 495, 496, 497, 499, 500, 501, 502, 503, 504, 505, 507, 509, 517, 523, 531, 532, 533, 534, 536, 537, 538, 539, 540, 542, 543, 544, 546, 547, 550, 591, 607, 625, 656, 696, 697, 698, 699, 700, 701, 702, 703, 704, 705, 706, 707, 708, 711, 712, 713, 714, 715, 717, 720, 721, 722, 723, 729, 730, 731, 732, 743, 744, 745, 747, 748, 749, 750, 753, 764, 765, 766, 773, 777, 778, 779, 780, 781, 782, 783, 784, 785, 786, 787, 788, 789, 792, 796, 800, 804, 808, 812, 816, 817, 820, 824, 828, 829, 830, 831, 833, 834, 835, 836, 837, 838, 839, 840, 841, 842, 844, 845, 846, 847, 848, 849, 850, 852, 853, 854, 855, 856, 857, 858, 859, 860, 862, 863, 864, 865, 866, 867, 868, 869, 870, 872, 873, 874, 875, 876, 877, 879, 880, 881, 883, 884, 885, 886, 887, 888, 889, 890, 892, 893, 894, 895, 896, 897, 899, 900, 901, 902, 903, 904, 905, 906, 908, 911, 924, 925, 926, 927, 928, 929, 930, 931, 934], "summary": {"covered_lines": 394, "num_statements": 551, "percent_covered": 71.50635208711434, "percent_covered_display": "72", "missing_lines": 157, "excluded_lines": 6, "percent_statements_covered": 71.50635208711434, "percent_statements_covered_display": "72"}, "missing_lines": [28, 41, 53, 117, 159, 170, 171, 178, 204, 205, 206, 207, 208, 209, 210, 211, 212, 213, 214, 215, 216, 217, 219, 220, 221, 222, 236, 251, 266, 268, 269, 270, 271, 272, 273, 274, 276, 277, 278, 280, 371, 415, 416, 417, 435, 437, 438, 439, 481, 482, 483, 484, 490, 493, 518, 519, 520, 535, 541, 545, 551, 552, 560, 561, 563, 564, 565, 567, 568, 569, 570, 571, 573, 574, 575, 576, 585, 586, 587, 588, 592, 593, 594, 595, 604, 608, 609, 610, 611, 612, 622, 626, 627, 634, 635, 636, 637, 638, 639, 643, 644, 645, 649, 650, 651, 652, 653, 657, 658, 659, 661, 662, 663, 664, 665, 666, 667, 668, 669, 670, 671, 672, 673, 674, 675, 676, 677, 679, 680, 681, 682, 683, 684, 685, 686, 687, 688, 689, 690, 691, 693, 718, 739, 740, 741, 754, 755, 761, 793, 797, 801, 805, 809, 813, 821, 825, 935], "excluded_lines": [22, 23, 64, 65, 76, 88], "functions": {"sha256_text": {"executed_lines": [113], "summary": {"covered_lines": 1, "num_statements": 1, "percent_covered": 100.0, "percent_covered_display": "100", "missing_lines": 0, "excluded_lines": 0, "percent_statements_covered": 100.0, "percent_statements_covered_display": "100"}, "missing_lines": [], "excluded_lines": [], "start_line": 112}, "get_memory": {"executed_lines": [], "summary": {"covered_lines": 0, "num_statements": 1, "percent_covered": 0.0, "percent_covered_display": "0", "missing_lines": 1, "excluded_lines": 0, "percent_statements_covered": 0.0, "percent_statements_covered_display": "0"}, "missing_lines": [117], "excluded_lines": [], "start_line": 116}, "chunk_text": {"executed_lines": [121, 122, 123, 124, 125, 127, 128, 129, 130, 131, 132, 133, 134, 135], "summary": {"covered_lines": 14, "num_statements": 14, "percent_covered": 100.0, "percent_covered_display": "100", "missing_lines": 0, "excluded_lines": 0, "percent_statements_covered": 100.0, "percent_statements_covered_display": "100"}, "missing_lines": [], "excluded_lines": [], "start_line": 120}, "chunk_markdown_by_headings": {"executed_lines": [139, 140, 141, 142, 144, 145, 146, 147, 148, 149, 150, 151, 153, 154, 156, 157, 158, 160, 161, 162, 163], "summary": {"covered_lines": 21, "num_statements": 22, "percent_covered": 95.45454545454545, "percent_covered_display": "95", "missing_lines": 1, "excluded_lines": 0, "percent_statements_covered": 95.45454545454545, "percent_statements_covered_display": "95"}, "missing_lines": [159], "excluded_lines": [], "start_line": 138}, "chunk_python_docstrings": {"executed_lines": [167, 168, 169, 173, 174, 175, 176, 177, 179, 180, 181, 182, 183, 184, 186, 187, 189, 190, 191, 192], "summary": {"covered_lines": 20, "num_statements": 23, "percent_covered": 86.95652173913044, "percent_covered_display": "87", "missing_lines": 3, "excluded_lines": 0, "percent_statements_covered": 86.95652173913044, "percent_statements_covered_display": "87"}, "missing_lines": [170, 171, 178], "excluded_lines": [], "start_line": 166}, "chunk_python_code": {"executed_lines": [196, 197, 198, 199, 200, 201, 202], "summary": {"covered_lines": 7, "num_statements": 25, "percent_covered": 28.0, "percent_covered_display": "28", "missing_lines": 18, "excluded_lines": 0, "percent_statements_covered": 28.0, "percent_statements_covered_display": "28"}, "missing_lines": [204, 205, 206, 207, 208, 209, 210, 211, 212, 213, 214, 215, 216, 217, 219, 220, 221, 222], "excluded_lines": [], "start_line": 195}, "chunk_pdf_document": {"executed_lines": [226, 227, 231, 232, 233, 234, 235, 237, 238, 239, 248, 249], "summary": {"covered_lines": 12, "num_statements": 14, "percent_covered": 85.71428571428571, "percent_covered_display": "86", "missing_lines": 2, "excluded_lines": 0, "percent_statements_covered": 85.71428571428571, "percent_statements_covered_display": "86"}, "missing_lines": [236, 251], "excluded_lines": [], "start_line": 225}, "chunk_file": {"executed_lines": [261, 263, 264], "summary": {"covered_lines": 3, "num_statements": 15, "percent_covered": 20.0, "percent_covered_display": "20", "missing_lines": 12, "excluded_lines": 0, "percent_statements_covered": 20.0, "percent_statements_covered_display": "20"}, "missing_lines": [266, 268, 269, 270, 271, 272, 273, 274, 276, 277, 278, 280], "excluded_lines": [], "start_line": 260}, "should_include": {"executed_lines": [284, 285, 286, 287, 288, 289], "summary": {"covered_lines": 6, "num_statements": 6, "percent_covered": 100.0, "percent_covered_display": "100", "missing_lines": 0, "excluded_lines": 0, "percent_statements_covered": 100.0, "percent_statements_covered_display": "100"}, "missing_lines": [], "excluded_lines": [], "start_line": 283}, "collect_files": {"executed_lines": [293, 294, 295, 296, 297, 298, 299], "summary": {"covered_lines": 7, "num_statements": 7, "percent_covered": 100.0, "percent_covered_display": "100", "missing_lines": 0, "excluded_lines": 0, "percent_statements_covered": 100.0, "percent_statements_covered_display": "100"}, "missing_lines": [], "excluded_lines": [], "start_line": 292}, "memory_metadata": {"executed_lines": [303, 304], "summary": {"covered_lines": 2, "num_statements": 2, "percent_covered": 100.0, "percent_covered_display": "100", "missing_lines": 0, "excluded_lines": 0, "percent_statements_covered": 100.0, "percent_statements_covered_display": "100"}, "missing_lines": [], "excluded_lines": [], "start_line": 302}, "delete_matching": {"executed_lines": [308, 309, 310, 311, 312, 313, 314, 315, 316, 317, 318, 319], "summary": {"covered_lines": 12, "num_statements": 12, "percent_covered": 100.0, "percent_covered_display": "100", "missing_lines": 0, "excluded_lines": 0, "percent_statements_covered": 100.0, "percent_statements_covered_display": "100"}, "missing_lines": [], "excluded_lines": [], "start_line": 307}, "add_memory": {"executed_lines": [333, 334, 344, 353, 354, 355, 356, 357, 358, 360, 366, 367, 368, 369, 370], "summary": {"covered_lines": 15, "num_statements": 16, "percent_covered": 93.75, "percent_covered_display": "94", "missing_lines": 1, "excluded_lines": 0, "percent_statements_covered": 93.75, "percent_statements_covered_display": "94"}, "missing_lines": [371], "excluded_lines": [], "start_line": 322}, "ingest_file": {"executed_lines": [384, 386, 393, 394, 395, 396, 406], "summary": {"covered_lines": 7, "num_statements": 7, "percent_covered": 100.0, "percent_covered_display": "100", "missing_lines": 0, "excluded_lines": 0, "percent_statements_covered": 100.0, "percent_statements_covered_display": "100"}, "missing_lines": [], "excluded_lines": [], "start_line": 374}, "_summary_topic_key": {"executed_lines": [410, 411, 412, 413, 414], "summary": {"covered_lines": 5, "num_statements": 8, "percent_covered": 62.5, "percent_covered_display": "62", "missing_lines": 3, "excluded_lines": 0, "percent_statements_covered": 62.5, "percent_statements_covered_display": "62"}, "missing_lines": [415, 416, 417], "excluded_lines": [], "start_line": 409}, "build_policy_actions": {"executed_lines": [428, 429, 431, 432, 433, 434, 436, 440, 442, 443, 449, 450, 451, 452, 453, 454, 455, 456, 458, 459, 460, 461, 462, 463, 464, 466, 472, 473, 474, 475, 476, 478, 479, 480, 486, 487, 488, 489, 491, 492, 494, 495, 496, 497, 499, 500, 501, 502, 503, 504, 505, 507, 509], "summary": {"covered_lines": 53, "num_statements": 63, "percent_covered": 84.12698412698413, "percent_covered_display": "84", "missing_lines": 10, "excluded_lines": 0, "percent_statements_covered": 84.12698412698413, "percent_statements_covered_display": "84"}, "missing_lines": [435, 437, 438, 439, 481, 482, 483, 484, 490, 493], "excluded_lines": [], "start_line": 420}, "_load_memory_session": {"executed_lines": [], "summary": {"covered_lines": 0, "num_statements": 3, "percent_covered": 0.0, "percent_covered_display": "0", "missing_lines": 3, "excluded_lines": 0, "percent_statements_covered": 0.0, "percent_statements_covered_display": "0"}, "missing_lines": [518, 519, 520], "excluded_lines": [], "start_line": 517}, "_filter_memories": {"executed_lines": [531, 532, 533, 534, 536, 537, 538, 539, 540, 542, 543, 544, 546, 547], "summary": {"covered_lines": 14, "num_statements": 17, "percent_covered": 82.3529411764706, "percent_covered_display": "82", "missing_lines": 3, "excluded_lines": 0, "percent_statements_covered": 82.3529411764706, "percent_statements_covered_display": "82"}, "missing_lines": [535, 541, 545], "excluded_lines": [], "start_line": 523}, "_run_repo_ingest": {"executed_lines": [], "summary": {"covered_lines": 0, "num_statements": 20, "percent_covered": 0.0, "percent_covered_display": "0", "missing_lines": 20, "excluded_lines": 0, "percent_statements_covered": 0.0, "percent_statements_covered_display": "0"}, "missing_lines": [551, 552, 560, 561, 563, 564, 565, 567, 568, 569, 570, 571, 573, 574, 575, 576, 585, 586, 587, 588], "excluded_lines": [], "start_line": 550}, "_run_file_ingest": {"executed_lines": [], "summary": {"covered_lines": 0, "num_statements": 5, "percent_covered": 0.0, "percent_covered_display": "0", "missing_lines": 5, "excluded_lines": 0, "percent_statements_covered": 0.0, "percent_statements_covered_display": "0"}, "missing_lines": [592, 593, 594, 595, 604], "excluded_lines": [], "start_line": 591}, "_run_note_ingest": {"executed_lines": [], "summary": {"covered_lines": 0, "num_statements": 6, "percent_covered": 0.0, "percent_covered_display": "0", "missing_lines": 6, "excluded_lines": 0, "percent_statements_covered": 0.0, "percent_statements_covered_display": "0"}, "missing_lines": [608, 609, 610, 611, 612, 622], "excluded_lines": [], "start_line": 607}, "_run_list_memories": {"executed_lines": [], "summary": {"covered_lines": 0, "num_statements": 16, "percent_covered": 0.0, "percent_covered_display": "0", "missing_lines": 16, "excluded_lines": 0, "percent_statements_covered": 0.0, "percent_statements_covered_display": "0"}, "missing_lines": [626, 627, 634, 635, 636, 637, 638, 639, 643, 644, 645, 649, 650, 651, 652, 653], "excluded_lines": [], "start_line": 625}, "_run_prune_memories": {"executed_lines": [], "summary": {"covered_lines": 0, "num_statements": 34, "percent_covered": 0.0, "percent_covered_display": "0", "missing_lines": 34, "excluded_lines": 0, "percent_statements_covered": 0.0, "percent_statements_covered_display": "0"}, "missing_lines": [657, 658, 659, 661, 662, 663, 664, 665, 666, 667, 668, 669, 670, 671, 672, 673, 674, 675, 676, 677, 679, 680, 681, 682, 683, 684, 685, 686, 687, 688, 689, 690, 691, 693], "excluded_lines": [], "start_line": 656}, "_run_clear_memories": {"executed_lines": [697, 698, 699, 700, 701, 702, 703, 704, 705, 706, 707, 708], "summary": {"covered_lines": 12, "num_statements": 12, "percent_covered": 100.0, "percent_covered_display": "100", "missing_lines": 0, "excluded_lines": 0, "percent_statements_covered": 100.0, "percent_statements_covered_display": "100"}, "missing_lines": [], "excluded_lines": [], "start_line": 696}, "_run_project_init": {"executed_lines": [712, 713, 714, 715, 717, 720, 721, 722, 723, 729, 730, 731, 732, 743, 744, 745, 747, 748, 749, 750], "summary": {"covered_lines": 20, "num_statements": 24, "percent_covered": 83.33333333333333, "percent_covered_display": "83", "missing_lines": 4, "excluded_lines": 0, "percent_statements_covered": 83.33333333333333, "percent_statements_covered_display": "83"}, "missing_lines": [718, 739, 740, 741], "excluded_lines": [], "start_line": 711}, "_run_context_plan": {"executed_lines": [], "summary": {"covered_lines": 0, "num_statements": 3, "percent_covered": 0.0, "percent_covered_display": "0", "missing_lines": 3, "excluded_lines": 0, "percent_statements_covered": 0.0, "percent_statements_covered_display": "0"}, "missing_lines": [754, 755, 761], "excluded_lines": [], "start_line": 753}, "_run_policy": {"executed_lines": [765, 766, 773, 777, 778, 779, 780, 781, 782, 783, 784, 785, 786, 787, 788, 789], "summary": {"covered_lines": 16, "num_statements": 16, "percent_covered": 100.0, "percent_covered_display": "100", "missing_lines": 0, "excluded_lines": 0, "percent_statements_covered": 100.0, "percent_statements_covered_display": "100"}, "missing_lines": [], "excluded_lines": [], "start_line": 764}, "cmd_repo": {"executed_lines": [], "summary": {"covered_lines": 0, "num_statements": 1, "percent_covered": 0.0, "percent_covered_display": "0", "missing_lines": 1, "excluded_lines": 0, "percent_statements_covered": 0.0, "percent_statements_covered_display": "0"}, "missing_lines": [793], "excluded_lines": [], "start_line": 792}, "cmd_file": {"executed_lines": [], "summary": {"covered_lines": 0, "num_statements": 1, "percent_covered": 0.0, "percent_covered_display": "0", "missing_lines": 1, "excluded_lines": 0, "percent_statements_covered": 0.0, "percent_statements_covered_display": "0"}, "missing_lines": [797], "excluded_lines": [], "start_line": 796}, "cmd_note": {"executed_lines": [], "summary": {"covered_lines": 0, "num_statements": 1, "percent_covered": 0.0, "percent_covered_display": "0", "missing_lines": 1, "excluded_lines": 0, "percent_statements_covered": 0.0, "percent_statements_covered_display": "0"}, "missing_lines": [801], "excluded_lines": [], "start_line": 800}, "cmd_list": {"executed_lines": [], "summary": {"covered_lines": 0, "num_statements": 1, "percent_covered": 0.0, "percent_covered_display": "0", "missing_lines": 1, "excluded_lines": 0, "percent_statements_covered": 0.0, "percent_statements_covered_display": "0"}, "missing_lines": [805], "excluded_lines": [], "start_line": 804}, "cmd_prune": {"executed_lines": [], "summary": {"covered_lines": 0, "num_statements": 1, "percent_covered": 0.0, "percent_covered_display": "0", "missing_lines": 1, "excluded_lines": 0, "percent_statements_covered": 0.0, "percent_statements_covered_display": "0"}, "missing_lines": [809], "excluded_lines": [], "start_line": 808}, "cmd_clear": {"executed_lines": [], "summary": {"covered_lines": 0, "num_statements": 1, "percent_covered": 0.0, "percent_covered_display": "0", "missing_lines": 1, "excluded_lines": 0, "percent_statements_covered": 0.0, "percent_statements_covered_display": "0"}, "missing_lines": [813], "excluded_lines": [], "start_line": 812}, "cmd_project_init": {"executed_lines": [817], "summary": {"covered_lines": 1, "num_statements": 1, "percent_covered": 100.0, "percent_covered_display": "100", "missing_lines": 0, "excluded_lines": 0, "percent_statements_covered": 100.0, "percent_statements_covered_display": "100"}, "missing_lines": [], "excluded_lines": [], "start_line": 816}, "cmd_context_plan": {"executed_lines": [], "summary": {"covered_lines": 0, "num_statements": 1, "percent_covered": 0.0, "percent_covered_display": "0", "missing_lines": 1, "excluded_lines": 0, "percent_statements_covered": 0.0, "percent_statements_covered_display": "0"}, "missing_lines": [821], "excluded_lines": [], "start_line": 820}, "cmd_policy_run": {"executed_lines": [], "summary": {"covered_lines": 0, "num_statements": 1, "percent_covered": 0.0, "percent_covered_display": "0", "missing_lines": 1, "excluded_lines": 0, "percent_statements_covered": 0.0, "percent_statements_covered_display": "0"}, "missing_lines": [825], "excluded_lines": [], "start_line": 824}, "build_parser": {"executed_lines": [829, 830, 831, 833, 834, 835, 836, 837, 838, 839, 840, 841, 842, 844, 845, 846, 847, 848, 849, 850, 852, 853, 854, 855, 856, 857, 858, 859, 860, 862, 863, 864, 865, 866, 867, 868, 869, 870, 872, 873, 874, 875, 876, 877, 879, 880, 881, 883, 884, 885, 886, 887, 888, 889, 890, 892, 893, 894, 895, 896, 897, 899, 900, 901, 902, 903, 904, 905, 906, 908], "summary": {"covered_lines": 70, "num_statements": 70, "percent_covered": 100.0, "percent_covered_display": "100", "missing_lines": 0, "excluded_lines": 0, "percent_statements_covered": 100.0, "percent_statements_covered_display": "100"}, "missing_lines": [], "excluded_lines": [], "start_line": 828}, "main": {"executed_lines": [925, 926, 927, 928, 929, 930, 931], "summary": {"covered_lines": 7, "num_statements": 7, "percent_covered": 100.0, "percent_covered_display": "100", "missing_lines": 0, "excluded_lines": 0, "percent_statements_covered": 100.0, "percent_statements_covered_display": "100"}, "missing_lines": [], "excluded_lines": [], "start_line": 924}, "": {"executed_lines": [4, 6, 7, 8, 9, 10, 11, 12, 13, 14, 15, 16, 18, 20, 21, 25, 26, 27, 29, 30, 100, 101, 102, 104, 105, 106, 107, 108, 109, 112, 116, 120, 138, 166, 195, 225, 260, 283, 292, 302, 307, 322, 374, 409, 420, 517, 523, 550, 591, 607, 625, 656, 696, 711, 753, 764, 792, 796, 800, 804, 808, 812, 816, 820, 824, 828, 911, 924, 934], "summary": {"covered_lines": 69, "num_statements": 73, "percent_covered": 94.52054794520548, "percent_covered_display": "95", "missing_lines": 4, "excluded_lines": 6, "percent_statements_covered": 94.52054794520548, "percent_statements_covered_display": "95"}, "missing_lines": [28, 41, 53, 935], "excluded_lines": [22, 23, 64, 65, 76, 88], "start_line": 1}}, "classes": {"Chunk": {"executed_lines": [], "summary": {"covered_lines": 0, "num_statements": 0, "percent_covered": 100.0, "percent_covered_display": "100", "missing_lines": 0, "excluded_lines": 0, "percent_statements_covered": 100.0, "percent_statements_covered_display": "100"}, "missing_lines": [], "excluded_lines": [], "start_line": 105}, "": {"executed_lines": [4, 6, 7, 8, 9, 10, 11, 12, 13, 14, 15, 16, 18, 20, 21, 25, 26, 27, 29, 30, 100, 101, 102, 104, 105, 106, 107, 108, 109, 112, 113, 116, 120, 121, 122, 123, 124, 125, 127, 128, 129, 130, 131, 132, 133, 134, 135, 138, 139, 140, 141, 142, 144, 145, 146, 147, 148, 149, 150, 151, 153, 154, 156, 157, 158, 160, 161, 162, 163, 166, 167, 168, 169, 173, 174, 175, 176, 177, 179, 180, 181, 182, 183, 184, 186, 187, 189, 190, 191, 192, 195, 196, 197, 198, 199, 200, 201, 202, 225, 226, 227, 231, 232, 233, 234, 235, 237, 238, 239, 248, 249, 260, 261, 263, 264, 283, 284, 285, 286, 287, 288, 289, 292, 293, 294, 295, 296, 297, 298, 299, 302, 303, 304, 307, 308, 309, 310, 311, 312, 313, 314, 315, 316, 317, 318, 319, 322, 333, 334, 344, 353, 354, 355, 356, 357, 358, 360, 366, 367, 368, 369, 370, 374, 384, 386, 393, 394, 395, 396, 406, 409, 410, 411, 412, 413, 414, 420, 428, 429, 431, 432, 433, 434, 436, 440, 442, 443, 449, 450, 451, 452, 453, 454, 455, 456, 458, 459, 460, 461, 462, 463, 464, 466, 472, 473, 474, 475, 476, 478, 479, 480, 486, 487, 488, 489, 491, 492, 494, 495, 496, 497, 499, 500, 501, 502, 503, 504, 505, 507, 509, 517, 523, 531, 532, 533, 534, 536, 537, 538, 539, 540, 542, 543, 544, 546, 547, 550, 591, 607, 625, 656, 696, 697, 698, 699, 700, 701, 702, 703, 704, 705, 706, 707, 708, 711, 712, 713, 714, 715, 717, 720, 721, 722, 723, 729, 730, 731, 732, 743, 744, 745, 747, 748, 749, 750, 753, 764, 765, 766, 773, 777, 778, 779, 780, 781, 782, 783, 784, 785, 786, 787, 788, 789, 792, 796, 800, 804, 808, 812, 816, 817, 820, 824, 828, 829, 830, 831, 833, 834, 835, 836, 837, 838, 839, 840, 841, 842, 844, 845, 846, 847, 848, 849, 850, 852, 853, 854, 855, 856, 857, 858, 859, 860, 862, 863, 864, 865, 866, 867, 868, 869, 870, 872, 873, 874, 875, 876, 877, 879, 880, 881, 883, 884, 885, 886, 887, 888, 889, 890, 892, 893, 894, 895, 896, 897, 899, 900, 901, 902, 903, 904, 905, 906, 908, 911, 924, 925, 926, 927, 928, 929, 930, 931, 934], "summary": {"covered_lines": 394, "num_statements": 551, "percent_covered": 71.50635208711434, "percent_covered_display": "72", "missing_lines": 157, "excluded_lines": 6, "percent_statements_covered": 71.50635208711434, "percent_statements_covered_display": "72"}, "missing_lines": [28, 41, 53, 117, 159, 170, 171, 178, 204, 205, 206, 207, 208, 209, 210, 211, 212, 213, 214, 215, 216, 217, 219, 220, 221, 222, 236, 251, 266, 268, 269, 270, 271, 272, 273, 274, 276, 277, 278, 280, 371, 415, 416, 417, 435, 437, 438, 439, 481, 482, 483, 484, 490, 493, 518, 519, 520, 535, 541, 545, 551, 552, 560, 561, 563, 564, 565, 567, 568, 569, 570, 571, 573, 574, 575, 576, 585, 586, 587, 588, 592, 593, 594, 595, 604, 608, 609, 610, 611, 612, 622, 626, 627, 634, 635, 636, 637, 638, 639, 643, 644, 645, 649, 650, 651, 652, 653, 657, 658, 659, 661, 662, 663, 664, 665, 666, 667, 668, 669, 670, 671, 672, 673, 674, 675, 676, 677, 679, 680, 681, 682, 683, 684, 685, 686, 687, 688, 689, 690, 691, 693, 718, 739, 740, 741, 754, 755, 761, 793, 797, 801, 805, 809, 813, 821, 825, 935], "excluded_lines": [22, 23, 64, 65, 76, 88], "start_line": 1}}}, "manifest.py": {"executed_lines": [3, 5, 6, 7, 8, 9, 11, 12, 30, 31, 35, 36, 44, 61, 64, 65, 66, 67, 68, 69, 70, 73, 74, 81, 82, 83, 85, 88, 89, 103, 104, 106, 107, 108, 111, 112, 113, 114, 115, 116, 117, 118, 119, 121, 123, 124, 125, 127, 128, 129, 130, 131, 136, 137, 138, 139, 145, 146, 147, 149, 152, 155, 156, 157, 159, 162, 163, 164, 166, 169, 170, 172, 173, 176, 177, 178, 183, 219, 222, 229, 231, 232, 233, 234, 238, 239, 240, 241, 243, 244, 245, 246, 247, 248, 249, 250, 251, 252, 253, 256, 257, 261, 262, 263, 264, 266, 270, 273, 281, 282, 283, 284, 285, 288, 289, 290, 291, 292, 294, 299, 300, 301, 302, 303, 304, 305, 307, 313, 320, 321, 322, 323, 324, 326, 328, 332, 342, 343, 346, 356, 357, 358, 359, 360, 362, 363, 365, 366, 371, 372, 373, 379, 385, 386, 387, 391, 392, 397, 399, 400, 401, 402, 403, 404, 408, 409, 410, 415, 416, 418, 419, 420, 421, 423, 426, 431, 438, 439, 442, 443, 444, 446, 447, 449, 450, 452, 453, 456, 457, 458, 460, 461, 462, 463, 464, 466, 467, 468, 471, 472, 474, 475, 477, 478], "summary": {"covered_lines": 204, "num_statements": 257, "percent_covered": 79.37743190661479, "percent_covered_display": "79", "missing_lines": 53, "excluded_lines": 4, "percent_statements_covered": 79.37743190661479, "percent_statements_covered_display": "79"}, "missing_lines": [84, 105, 120, 150, 160, 165, 171, 192, 193, 194, 196, 197, 198, 199, 201, 202, 203, 204, 205, 206, 207, 209, 230, 235, 242, 254, 258, 259, 260, 268, 286, 347, 348, 349, 350, 351, 352, 353, 361, 364, 388, 389, 405, 406, 411, 412, 413, 427, 428, 440, 448, 454, 469], "excluded_lines": [20, 21, 32, 33], "functions": {"guess_repo_root": {"executed_lines": [82, 83, 85], "summary": {"covered_lines": 3, "num_statements": 4, "percent_covered": 75.0, "percent_covered_display": "75", "missing_lines": 1, "excluded_lines": 0, "percent_statements_covered": 75.0, "percent_statements_covered_display": "75"}, "missing_lines": [84], "excluded_lines": [], "start_line": 81}, "_default_manifest_v2": {"executed_lines": [89], "summary": {"covered_lines": 1, "num_statements": 1, "percent_covered": 100.0, "percent_covered_display": "100", "missing_lines": 0, "excluded_lines": 0, "percent_statements_covered": 100.0, "percent_statements_covered_display": "100"}, "missing_lines": [], "excluded_lines": [], "start_line": 88}, "_is_manifest_v2": {"executed_lines": [104, 106, 107, 108], "summary": {"covered_lines": 4, "num_statements": 5, "percent_covered": 80.0, "percent_covered_display": "80", "missing_lines": 1, "excluded_lines": 0, "percent_statements_covered": 80.0, "percent_statements_covered_display": "80"}, "missing_lines": [105], "excluded_lines": [], "start_line": 103}, "_ensure_manifest_v2": {"executed_lines": [112, 113, 114, 115, 116, 117, 118, 119, 121, 123, 124, 125, 127, 128, 129, 130, 131, 136, 137, 138, 139, 145, 146, 147, 149, 152], "summary": {"covered_lines": 26, "num_statements": 28, "percent_covered": 92.85714285714286, "percent_covered_display": "93", "missing_lines": 2, "excluded_lines": 0, "percent_statements_covered": 92.85714285714286, "percent_statements_covered_display": "93"}, "missing_lines": [120, 150], "excluded_lines": [], "start_line": 111}, "read_manifest": {"executed_lines": [156, 157, 159, 162, 163, 164, 166], "summary": {"covered_lines": 7, "num_statements": 9, "percent_covered": 77.77777777777777, "percent_covered_display": "78", "missing_lines": 2, "excluded_lines": 0, "percent_statements_covered": 77.77777777777777, "percent_statements_covered_display": "78"}, "missing_lines": [160, 165], "excluded_lines": [], "start_line": 155}, "write_manifest": {"executed_lines": [170, 172, 173], "summary": {"covered_lines": 3, "num_statements": 4, "percent_covered": 75.0, "percent_covered_display": "75", "missing_lines": 1, "excluded_lines": 0, "percent_statements_covered": 75.0, "percent_statements_covered_display": "75"}, "missing_lines": [171], "excluded_lines": [], "start_line": 169}, "validate_project_id": {"executed_lines": [177, 178], "summary": {"covered_lines": 2, "num_statements": 2, "percent_covered": 100.0, "percent_covered_display": "100", "missing_lines": 0, "excluded_lines": 0, "percent_statements_covered": 100.0, "percent_statements_covered_display": "100"}, "missing_lines": [], "excluded_lines": [], "start_line": 176}, "resolve_repo_config": {"executed_lines": [], "summary": {"covered_lines": 0, "num_statements": 15, "percent_covered": 0.0, "percent_covered_display": "0", "missing_lines": 15, "excluded_lines": 0, "percent_statements_covered": 0.0, "percent_statements_covered_display": "0"}, "missing_lines": [192, 193, 194, 196, 197, 198, 199, 201, 202, 203, 204, 205, 206, 207, 209], "excluded_lines": [], "start_line": 183}, "_resolve_active_project": {"executed_lines": [229, 231, 232, 233, 234], "summary": {"covered_lines": 5, "num_statements": 7, "percent_covered": 71.42857142857143, "percent_covered_display": "71", "missing_lines": 2, "excluded_lines": 0, "percent_statements_covered": 71.42857142857143, "percent_statements_covered_display": "71"}, "missing_lines": [230, 235], "excluded_lines": [], "start_line": 222}, "_resolve_project_ids_from_spec": {"executed_lines": [239, 256, 257, 261, 262, 263, 264, 266, 270], "summary": {"covered_lines": 9, "num_statements": 13, "percent_covered": 69.23076923076923, "percent_covered_display": "69", "missing_lines": 4, "excluded_lines": 0, "percent_statements_covered": 69.23076923076923, "percent_statements_covered_display": "69"}, "missing_lines": [258, 259, 260, 268], "excluded_lines": [], "start_line": 238}, "_resolve_project_ids_from_spec.expand_token": {"executed_lines": [240, 241, 243, 244, 245, 246, 247, 248, 249, 250, 251, 252, 253], "summary": {"covered_lines": 13, "num_statements": 15, "percent_covered": 86.66666666666667, "percent_covered_display": "87", "missing_lines": 2, "excluded_lines": 0, "percent_statements_covered": 86.66666666666667, "percent_statements_covered_display": "87"}, "missing_lines": [242, 254], "excluded_lines": [], "start_line": 239}, "build_context_plan": {"executed_lines": [281, 282, 283, 284, 285, 288, 289, 290, 291, 292, 294, 299, 300, 301, 302, 303, 304, 305, 307, 313, 320, 321, 322, 323, 324, 326, 328, 332], "summary": {"covered_lines": 28, "num_statements": 29, "percent_covered": 96.55172413793103, "percent_covered_display": "97", "missing_lines": 1, "excluded_lines": 0, "percent_statements_covered": 96.55172413793103, "percent_statements_covered_display": "97"}, "missing_lines": [286], "excluded_lines": [], "start_line": 273}, "_tokenize_for_inference": {"executed_lines": [343], "summary": {"covered_lines": 1, "num_statements": 1, "percent_covered": 100.0, "percent_covered_display": "100", "missing_lines": 0, "excluded_lines": 0, "percent_statements_covered": 100.0, "percent_statements_covered_display": "100"}, "missing_lines": [], "excluded_lines": [], "start_line": 342}, "_discover_project_ids_from_memory_root": {"executed_lines": [], "summary": {"covered_lines": 0, "num_statements": 7, "percent_covered": 0.0, "percent_covered_display": "0", "missing_lines": 7, "excluded_lines": 0, "percent_statements_covered": 0.0, "percent_statements_covered_display": "0"}, "missing_lines": [347, 348, 349, 350, 351, 352, 353], "excluded_lines": [], "start_line": 346}, "build_project_index_from_manifest": {"executed_lines": [357, 358, 359, 360, 362, 363, 365, 366, 371, 372, 373], "summary": {"covered_lines": 11, "num_statements": 13, "percent_covered": 84.61538461538461, "percent_covered_display": "85", "missing_lines": 2, "excluded_lines": 0, "percent_statements_covered": 84.61538461538461, "percent_statements_covered_display": "85"}, "missing_lines": [361, 364], "excluded_lines": [], "start_line": 356}, "load_project_index_with_cache": {"executed_lines": [385, 386, 387, 391, 392, 397, 399, 400, 401, 402, 403, 404, 408, 409, 410, 415, 416, 418, 419, 420, 421, 423], "summary": {"covered_lines": 22, "num_statements": 29, "percent_covered": 75.86206896551724, "percent_covered_display": "76", "missing_lines": 7, "excluded_lines": 0, "percent_statements_covered": 75.86206896551724, "percent_statements_covered_display": "76"}, "missing_lines": [388, 389, 405, 406, 411, 412, 413], "excluded_lines": [], "start_line": 379}, "resolve_org_practice_projects": {"executed_lines": [], "summary": {"covered_lines": 0, "num_statements": 2, "percent_covered": 0.0, "percent_covered_display": "0", "missing_lines": 2, "excluded_lines": 0, "percent_statements_covered": 0.0, "percent_statements_covered_display": "0"}, "missing_lines": [427, 428], "excluded_lines": [], "start_line": 426}, "infer_projects_from_query": {"executed_lines": [438, 439, 442, 443, 444, 446, 447, 449, 450, 452, 453, 456, 457, 458, 460, 461, 462, 463, 464, 466, 467, 468, 471, 472, 474, 475, 477, 478], "summary": {"covered_lines": 28, "num_statements": 32, "percent_covered": 87.5, "percent_covered_display": "88", "missing_lines": 4, "excluded_lines": 0, "percent_statements_covered": 87.5, "percent_statements_covered_display": "88"}, "missing_lines": [440, 448, 454, 469], "excluded_lines": [], "start_line": 431}, "": {"executed_lines": [3, 5, 6, 7, 8, 9, 11, 12, 30, 31, 35, 36, 44, 61, 64, 65, 66, 67, 68, 69, 70, 73, 74, 81, 88, 103, 111, 155, 169, 176, 183, 219, 222, 238, 273, 342, 346, 356, 379, 426, 431], "summary": {"covered_lines": 41, "num_statements": 41, "percent_covered": 100.0, "percent_covered_display": "100", "missing_lines": 0, "excluded_lines": 4, "percent_statements_covered": 100.0, "percent_statements_covered_display": "100"}, "missing_lines": [], "excluded_lines": [20, 21, 32, 33], "start_line": 1}}, "classes": {"RepoConfig": {"executed_lines": [], "summary": {"covered_lines": 0, "num_statements": 0, "percent_covered": 100.0, "percent_covered_display": "100", "missing_lines": 0, "excluded_lines": 0, "percent_statements_covered": 100.0, "percent_statements_covered_display": "100"}, "missing_lines": [], "excluded_lines": [], "start_line": 65}, "": {"executed_lines": [3, 5, 6, 7, 8, 9, 11, 12, 30, 31, 35, 36, 44, 61, 64, 65, 66, 67, 68, 69, 70, 73, 74, 81, 82, 83, 85, 88, 89, 103, 104, 106, 107, 108, 111, 112, 113, 114, 115, 116, 117, 118, 119, 121, 123, 124, 125, 127, 128, 129, 130, 131, 136, 137, 138, 139, 145, 146, 147, 149, 152, 155, 156, 157, 159, 162, 163, 164, 166, 169, 170, 172, 173, 176, 177, 178, 183, 219, 222, 229, 231, 232, 233, 234, 238, 239, 240, 241, 243, 244, 245, 246, 247, 248, 249, 250, 251, 252, 253, 256, 257, 261, 262, 263, 264, 266, 270, 273, 281, 282, 283, 284, 285, 288, 289, 290, 291, 292, 294, 299, 300, 301, 302, 303, 304, 305, 307, 313, 320, 321, 322, 323, 324, 326, 328, 332, 342, 343, 346, 356, 357, 358, 359, 360, 362, 363, 365, 366, 371, 372, 373, 379, 385, 386, 387, 391, 392, 397, 399, 400, 401, 402, 403, 404, 408, 409, 410, 415, 416, 418, 419, 420, 421, 423, 426, 431, 438, 439, 442, 443, 444, 446, 447, 449, 450, 452, 453, 456, 457, 458, 460, 461, 462, 463, 464, 466, 467, 468, 471, 472, 474, 475, 477, 478], "summary": {"covered_lines": 204, "num_statements": 257, "percent_covered": 79.37743190661479, "percent_covered_display": "79", "missing_lines": 53, "excluded_lines": 4, "percent_statements_covered": 79.37743190661479, "percent_statements_covered_display": "79"}, "missing_lines": [84, 105, 120, 150, 160, 165, 171, 192, 193, 194, 196, 197, 198, 199, 201, 202, 203, 204, 205, 206, 207, 209, 230, 235, 242, 254, 258, 259, 260, 268, 286, 347, 348, 349, 350, 351, 352, 353, 361, 364, 388, 389, 405, 406, 411, 412, 413, 427, 428, 440, 448, 454, 469], "excluded_lines": [20, 21, 32, 33], "start_line": 1}}}, "mcp_server.py": {"executed_lines": [3, 5, 6, 7, 8, 9, 10, 11, 12, 13, 14, 15, 16, 17, 18, 20, 21, 22, 23, 25, 26, 30, 31, 32, 34, 35, 86, 88, 89, 90, 91, 99, 100, 101, 102, 103, 104, 105, 106, 107, 108, 109, 111, 112, 113, 115, 116, 117, 118, 119, 120, 121, 124, 138, 139, 141, 143, 144, 145, 146, 147, 151, 154, 163, 164, 165, 166, 168, 169, 171, 177, 183, 184, 188, 189, 190, 191, 192, 193, 194, 195, 198, 203, 204, 205, 210, 213, 219, 220, 221, 222, 242, 243, 244, 247, 255, 257, 258, 260, 265, 270, 275, 278, 279, 280, 281, 285, 286, 287, 288, 292, 293, 296, 297, 299, 302, 303, 305, 306, 307, 308, 309, 312, 313, 316, 317, 318, 319, 320, 329, 332, 333, 334, 337, 339, 340, 343, 344, 346, 347, 348, 349, 350, 353, 354, 357, 365, 366, 368, 369, 370, 371, 372, 373, 374, 375, 376, 377, 378, 379, 380, 381, 382, 383, 385, 388, 389, 390, 391, 393, 394, 397, 420, 450, 461, 464, 465, 466, 468, 469, 470, 472, 473, 474, 481, 482, 488, 489, 490, 499, 500, 501, 502, 504, 507, 509, 514, 517, 518, 519, 520, 527, 528, 529, 531, 534, 535, 536, 537, 538, 541, 542, 543, 546, 552, 555, 556, 557, 558, 559, 561, 563, 564, 565, 567, 568, 569, 571, 572, 573, 574, 576, 579, 580, 581, 582, 583, 584, 586, 587, 588, 589, 590, 592, 593, 595, 596, 598, 600, 603, 604, 605, 616, 617, 618, 619, 620, 621, 622, 623, 624, 625, 626, 627, 632, 633, 634, 637, 638, 639, 641, 642, 643, 645, 646, 647, 648, 651, 652, 653, 654, 657, 658, 659, 660, 661, 662, 663, 664, 665, 666, 667, 670, 671, 672, 673, 682, 688, 689, 690, 691, 692, 694, 695, 696, 697, 698, 701, 702, 715, 716, 719, 720, 721, 722, 723, 724, 725, 726, 727, 728, 731, 732, 733, 734, 735, 739, 740, 741, 744, 754, 756, 757, 758, 760, 761, 762, 764, 765, 766, 767, 768, 769, 770, 772, 773, 776, 777, 778, 779, 784, 798, 799, 800, 801, 802, 803, 810, 811, 812, 813, 815, 816, 817, 819, 820, 821, 823, 834, 835, 836, 837, 838, 839, 841, 850, 851, 852, 853, 861, 868, 869, 870, 871, 874, 875, 876, 878, 881, 882, 883, 886, 887, 888, 889, 890, 891, 893, 907, 908, 909, 910, 923, 924, 925, 926, 927, 929, 932, 940, 941, 942, 945, 946, 947, 948, 950, 951, 952, 953, 956, 958, 966, 967, 968, 969, 970, 972, 975, 976, 981, 982, 984, 985, 986, 987, 991, 994, 995, 1001, 1002, 1004, 1005, 1006, 1007, 1008, 1009, 1011, 1012, 1013, 1015, 1016, 1017, 1019, 1021, 1022, 1024, 1025, 1035, 1041, 1042, 1043, 1046, 1047, 1048, 1050, 1051, 1052, 1054, 1055, 1056, 1057, 1058, 1059, 1066, 1069, 1070, 1071, 1072, 1073, 1074, 1075, 1076, 1077, 1078, 1080, 1083, 1084, 1085, 1168, 1173], "summary": {"covered_lines": 491, "num_statements": 582, "percent_covered": 84.36426116838489, "percent_covered_display": "84", "missing_lines": 91, "excluded_lines": 20, "percent_statements_covered": 84.36426116838489, "percent_statements_covered_display": "84"}, "missing_lines": [33, 42, 47, 140, 142, 149, 155, 160, 185, 199, 200, 237, 238, 239, 261, 262, 263, 266, 267, 268, 271, 272, 273, 282, 289, 298, 304, 335, 341, 342, 351, 352, 392, 399, 400, 401, 402, 404, 405, 406, 407, 408, 409, 410, 412, 413, 421, 422, 423, 425, 426, 432, 433, 434, 435, 436, 437, 442, 443, 444, 445, 446, 447, 462, 553, 575, 577, 594, 597, 649, 693, 736, 745, 746, 750, 751, 780, 781, 814, 872, 877, 884, 930, 971, 973, 1010, 1014, 1018, 1169, 1170, 1174], "excluded_lines": [27, 28, 59, 60, 67, 72, 223, 224, 225, 226, 227, 234, 235, 414, 415, 416, 417, 438, 439, 440], "functions": {"_normalize_project_ids": {"executed_lines": [139, 141, 143, 144, 145, 146, 147, 151], "summary": {"covered_lines": 8, "num_statements": 11, "percent_covered": 72.72727272727273, "percent_covered_display": "73", "missing_lines": 3, "excluded_lines": 0, "percent_statements_covered": 72.72727272727273, "percent_statements_covered_display": "73"}, "missing_lines": [140, 142, 149], "excluded_lines": [], "start_line": 138}, "_resolve_org_practice_projects": {"executed_lines": [], "summary": {"covered_lines": 0, "num_statements": 2, "percent_covered": 0.0, "percent_covered_display": "0", "missing_lines": 2, "excluded_lines": 0, "percent_statements_covered": 0.0, "percent_statements_covered_display": "0"}, "missing_lines": [155, 160], "excluded_lines": [], "start_line": 154}, "_resolve_search_scope": {"executed_lines": [164, 165, 166, 168, 169, 171, 177, 183, 184], "summary": {"covered_lines": 9, "num_statements": 10, "percent_covered": 90.0, "percent_covered_display": "90", "missing_lines": 1, "excluded_lines": 0, "percent_statements_covered": 90.0, "percent_statements_covered_display": "90"}, "missing_lines": [185], "excluded_lines": [], "start_line": 163}, "_get_memory": {"executed_lines": [189, 190, 191, 192, 193, 194, 195], "summary": {"covered_lines": 7, "num_statements": 7, "percent_covered": 100.0, "percent_covered_display": "100", "missing_lines": 0, "excluded_lines": 0, "percent_statements_covered": 100.0, "percent_statements_covered_display": "100"}, "missing_lines": [], "excluded_lines": [], "start_line": 188}, "_clear_memory_cache_entry": {"executed_lines": [], "summary": {"covered_lines": 0, "num_statements": 2, "percent_covered": 0.0, "percent_covered_display": "0", "missing_lines": 2, "excluded_lines": 0, "percent_statements_covered": 0.0, "percent_statements_covered_display": "0"}, "missing_lines": [199, 200], "excluded_lines": [], "start_line": 198}, "_is_transient_memory_init_error": {"executed_lines": [204, 205, 210], "summary": {"covered_lines": 3, "num_statements": 3, "percent_covered": 100.0, "percent_covered_display": "100", "missing_lines": 0, "excluded_lines": 0, "percent_statements_covered": 100.0, "percent_statements_covered_display": "100"}, "missing_lines": [], "excluded_lines": [], "start_line": 203}, "_get_memory_with_retry": {"executed_lines": [219, 220, 221, 222], "summary": {"covered_lines": 4, "num_statements": 7, "percent_covered": 57.142857142857146, "percent_covered_display": "57", "missing_lines": 3, "excluded_lines": 7, "percent_statements_covered": 57.142857142857146, "percent_statements_covered_display": "57"}, "missing_lines": [237, 238, 239], "excluded_lines": [223, 224, 225, 226, 227, 234, 235], "start_line": 213}, "_get_metadata": {"executed_lines": [243, 244], "summary": {"covered_lines": 2, "num_statements": 2, "percent_covered": 100.0, "percent_covered_display": "100", "missing_lines": 0, "excluded_lines": 0, "percent_statements_covered": 100.0, "percent_statements_covered_display": "100"}, "missing_lines": [], "excluded_lines": [], "start_line": 242}, "_matches_filters": {"executed_lines": [255, 257, 258, 260, 265, 270, 275], "summary": {"covered_lines": 7, "num_statements": 16, "percent_covered": 43.75, "percent_covered_display": "44", "missing_lines": 9, "excluded_lines": 0, "percent_statements_covered": 43.75, "percent_statements_covered_display": "44"}, "missing_lines": [261, 262, 263, 266, 267, 268, 271, 272, 273], "excluded_lines": [], "start_line": 247}, "_shorten": {"executed_lines": [279, 280, 281], "summary": {"covered_lines": 3, "num_statements": 4, "percent_covered": 75.0, "percent_covered_display": "75", "missing_lines": 1, "excluded_lines": 0, "percent_statements_covered": 75.0, "percent_statements_covered_display": "75"}, "missing_lines": [282], "excluded_lines": [], "start_line": 278}, "_raw_distance_value": {"executed_lines": [286, 287, 288], "summary": {"covered_lines": 3, "num_statements": 4, "percent_covered": 75.0, "percent_covered_display": "75", "missing_lines": 1, "excluded_lines": 0, "percent_statements_covered": 75.0, "percent_statements_covered_display": "75"}, "missing_lines": [289], "excluded_lines": [], "start_line": 285}, "_distance_similarity": {"executed_lines": [293], "summary": {"covered_lines": 1, "num_statements": 1, "percent_covered": 100.0, "percent_covered_display": "100", "missing_lines": 0, "excluded_lines": 0, "percent_statements_covered": 100.0, "percent_statements_covered_display": "100"}, "missing_lines": [], "excluded_lines": [], "start_line": 292}, "_estimate_tokens": {"executed_lines": [297, 299], "summary": {"covered_lines": 2, "num_statements": 3, "percent_covered": 66.66666666666667, "percent_covered_display": "67", "missing_lines": 1, "excluded_lines": 0, "percent_statements_covered": 66.66666666666667, "percent_statements_covered_display": "67"}, "missing_lines": [298], "excluded_lines": [], "start_line": 296}, "_normalize_values": {"executed_lines": [303, 305, 306, 307, 308, 309], "summary": {"covered_lines": 6, "num_statements": 7, "percent_covered": 85.71428571428571, "percent_covered_display": "86", "missing_lines": 1, "excluded_lines": 0, "percent_statements_covered": 85.71428571428571, "percent_statements_covered_display": "86"}, "missing_lines": [304], "excluded_lines": [], "start_line": 302}, "_tokenize": {"executed_lines": [313], "summary": {"covered_lines": 1, "num_statements": 1, "percent_covered": 100.0, "percent_covered_display": "100", "missing_lines": 0, "excluded_lines": 0, "percent_statements_covered": 100.0, "percent_statements_covered_display": "100"}, "missing_lines": [], "excluded_lines": [], "start_line": 312}, "_lexical_document": {"executed_lines": [317, 318, 319, 320, 329], "summary": {"covered_lines": 5, "num_statements": 5, "percent_covered": 100.0, "percent_covered_display": "100", "missing_lines": 0, "excluded_lines": 0, "percent_statements_covered": 100.0, "percent_statements_covered_display": "100"}, "missing_lines": [], "excluded_lines": [], "start_line": 316}, "_lexical_components": {"executed_lines": [333, 334, 337, 339, 340, 343, 344, 346, 347, 348, 349, 350, 353, 354], "summary": {"covered_lines": 14, "num_statements": 19, "percent_covered": 73.6842105263158, "percent_covered_display": "74", "missing_lines": 5, "excluded_lines": 0, "percent_statements_covered": 73.6842105263158, "percent_statements_covered_display": "74"}, "missing_lines": [335, 341, 342, 351, 352], "excluded_lines": [], "start_line": 332}, "_metadata_component": {"executed_lines": [365, 366, 368, 369, 370, 371, 372, 373, 374, 375, 376, 377, 378, 379, 380, 381, 382, 383, 385], "summary": {"covered_lines": 19, "num_statements": 19, "percent_covered": 100.0, "percent_covered_display": "100", "missing_lines": 0, "excluded_lines": 0, "percent_statements_covered": 100.0, "percent_statements_covered_display": "100"}, "missing_lines": [], "excluded_lines": [], "start_line": 357}, "_recency_component": {"executed_lines": [389, 390, 391, 393, 394], "summary": {"covered_lines": 5, "num_statements": 6, "percent_covered": 83.33333333333333, "percent_covered_display": "83", "missing_lines": 1, "excluded_lines": 0, "percent_statements_covered": 83.33333333333333, "percent_statements_covered_display": "83"}, "missing_lines": [392], "excluded_lines": [], "start_line": 388}, "_get_reranker": {"executed_lines": [], "summary": {"covered_lines": 0, "num_statements": 13, "percent_covered": 0.0, "percent_covered_display": "0", "missing_lines": 13, "excluded_lines": 4, "percent_statements_covered": 0.0, "percent_statements_covered_display": "0"}, "missing_lines": [399, 400, 401, 402, 404, 405, 406, 407, 408, 409, 410, 412, 413], "excluded_lines": [414, 415, 416, 417], "start_line": 397}, "_apply_reranker": {"executed_lines": [], "summary": {"covered_lines": 0, "num_statements": 17, "percent_covered": 0.0, "percent_covered_display": "0", "missing_lines": 17, "excluded_lines": 3, "percent_statements_covered": 0.0, "percent_statements_covered_display": "0"}, "missing_lines": [421, 422, 423, 425, 426, 432, 433, 434, 435, 436, 437, 442, 443, 444, 445, 446, 447], "excluded_lines": [438, 439, 440], "start_line": 420}, "_score_candidates": {"executed_lines": [461, 464, 465, 466, 468, 469, 470, 472, 473, 474, 481, 482, 488, 489, 490, 499, 500, 501, 502, 504, 507, 509, 514], "summary": {"covered_lines": 23, "num_statements": 24, "percent_covered": 95.83333333333333, "percent_covered_display": "96", "missing_lines": 1, "excluded_lines": 0, "percent_statements_covered": 95.83333333333333, "percent_statements_covered_display": "96"}, "missing_lines": [462], "excluded_lines": [], "start_line": 450}, "_finalize_scores": {"executed_lines": [518, 519, 520, 527, 528, 529, 531], "summary": {"covered_lines": 7, "num_statements": 7, "percent_covered": 100.0, "percent_covered_display": "100", "missing_lines": 0, "excluded_lines": 0, "percent_statements_covered": 100.0, "percent_statements_covered_display": "100"}, "missing_lines": [], "excluded_lines": [], "start_line": 517}, "_candidate_repo_key": {"executed_lines": [535, 536, 537, 538], "summary": {"covered_lines": 4, "num_statements": 4, "percent_covered": 100.0, "percent_covered_display": "100", "missing_lines": 0, "excluded_lines": 0, "percent_statements_covered": 100.0, "percent_statements_covered_display": "100"}, "missing_lines": [], "excluded_lines": [], "start_line": 534}, "_candidate_category": {"executed_lines": [542, 543], "summary": {"covered_lines": 2, "num_statements": 2, "percent_covered": 100.0, "percent_covered_display": "100", "missing_lines": 0, "excluded_lines": 0, "percent_statements_covered": 100.0, "percent_statements_covered_display": "100"}, "missing_lines": [], "excluded_lines": [], "start_line": 541}, "_pack_candidates": {"executed_lines": [552, 555, 556, 557, 558, 559, 561, 586, 587, 588, 589, 590, 592, 593, 595, 596, 598, 600], "summary": {"covered_lines": 18, "num_statements": 21, "percent_covered": 85.71428571428571, "percent_covered_display": "86", "missing_lines": 3, "excluded_lines": 0, "percent_statements_covered": 85.71428571428571, "percent_statements_covered_display": "86"}, "missing_lines": [553, 594, 597], "excluded_lines": [], "start_line": 546}, "_pack_candidates.try_select": {"executed_lines": [563, 564, 565, 567, 568, 569, 571, 572, 573, 574, 576, 579, 580, 581, 582, 583, 584], "summary": {"covered_lines": 17, "num_statements": 19, "percent_covered": 89.47368421052632, "percent_covered_display": "89", "missing_lines": 2, "excluded_lines": 0, "percent_statements_covered": 89.47368421052632, "percent_statements_covered_display": "89"}, "missing_lines": [575, 577], "excluded_lines": [], "start_line": 561}, "_format_debug_components": {"executed_lines": [604, 605], "summary": {"covered_lines": 2, "num_statements": 2, "percent_covered": 100.0, "percent_covered_display": "100", "missing_lines": 0, "excluded_lines": 0, "percent_statements_covered": 100.0, "percent_statements_covered_display": "100"}, "missing_lines": [], "excluded_lines": [], "start_line": 603}, "_format_search_row": {"executed_lines": [617, 618, 619, 620, 621, 622, 623, 624, 625, 626, 627, 632, 633, 634], "summary": {"covered_lines": 14, "num_statements": 14, "percent_covered": 100.0, "percent_covered_display": "100", "missing_lines": 0, "excluded_lines": 0, "percent_statements_covered": 100.0, "percent_statements_covered_display": "100"}, "missing_lines": [], "excluded_lines": [], "start_line": 616}, "_dedupe_key": {"executed_lines": [638, 639, 641, 642, 643, 645, 646, 647, 648, 651, 652, 653, 654], "summary": {"covered_lines": 13, "num_statements": 14, "percent_covered": 92.85714285714286, "percent_covered_display": "93", "missing_lines": 1, "excluded_lines": 0, "percent_statements_covered": 92.85714285714286, "percent_statements_covered_display": "93"}, "missing_lines": [649], "excluded_lines": [], "start_line": 637}, "_dedupe_candidates": {"executed_lines": [658, 659, 660, 661, 662, 663, 664, 665, 666, 667], "summary": {"covered_lines": 10, "num_statements": 10, "percent_covered": 100.0, "percent_covered_display": "100", "missing_lines": 0, "excluded_lines": 0, "percent_statements_covered": 100.0, "percent_statements_covered_display": "100"}, "missing_lines": [], "excluded_lines": [], "start_line": 657}, "_format_list_row": {"executed_lines": [671, 672, 673], "summary": {"covered_lines": 3, "num_statements": 3, "percent_covered": 100.0, "percent_covered_display": "100", "missing_lines": 0, "excluded_lines": 0, "percent_statements_covered": 100.0, "percent_statements_covered_display": "100"}, "missing_lines": [], "excluded_lines": [], "start_line": 670}, "_find_ids": {"executed_lines": [688, 689, 690, 691, 692, 694, 695, 696, 697, 698], "summary": {"covered_lines": 10, "num_statements": 11, "percent_covered": 90.9090909090909, "percent_covered_display": "91", "missing_lines": 1, "excluded_lines": 0, "percent_statements_covered": 90.9090909090909, "percent_statements_covered_display": "91"}, "missing_lines": [693], "excluded_lines": [], "start_line": 682}, "_build_search_cache_key": {"executed_lines": [702, 715, 716], "summary": {"covered_lines": 3, "num_statements": 3, "percent_covered": 100.0, "percent_covered_display": "100", "missing_lines": 0, "excluded_lines": 0, "percent_statements_covered": 100.0, "percent_statements_covered_display": "100"}, "missing_lines": [], "excluded_lines": [], "start_line": 701}, "_search_cache_get": {"executed_lines": [720, 721, 722, 723, 724, 725, 726, 727, 728], "summary": {"covered_lines": 9, "num_statements": 9, "percent_covered": 100.0, "percent_covered_display": "100", "missing_lines": 0, "excluded_lines": 0, "percent_statements_covered": 100.0, "percent_statements_covered_display": "100"}, "missing_lines": [], "excluded_lines": [], "start_line": 719}, "_search_cache_set": {"executed_lines": [732, 733, 734, 735], "summary": {"covered_lines": 4, "num_statements": 5, "percent_covered": 80.0, "percent_covered_display": "80", "missing_lines": 1, "excluded_lines": 0, "percent_statements_covered": 80.0, "percent_statements_covered_display": "80"}, "missing_lines": [736], "excluded_lines": [], "start_line": 731}, "_search_project_sync": {"executed_lines": [740, 741], "summary": {"covered_lines": 2, "num_statements": 2, "percent_covered": 100.0, "percent_covered_display": "100", "missing_lines": 0, "excluded_lines": 0, "percent_statements_covered": 100.0, "percent_statements_covered_display": "100"}, "missing_lines": [], "excluded_lines": [], "start_line": 739}, "_search_project_candidates": {"executed_lines": [], "summary": {"covered_lines": 0, "num_statements": 4, "percent_covered": 0.0, "percent_covered_display": "0", "missing_lines": 4, "excluded_lines": 0, "percent_statements_covered": 0.0, "percent_statements_covered_display": "0"}, "missing_lines": [745, 746, 750, 751], "excluded_lines": [], "start_line": 744}, "_collect_project_searches": {"executed_lines": [756, 757, 758, 760, 761, 762, 764, 765, 766, 767, 768, 769, 770, 772, 773], "summary": {"covered_lines": 15, "num_statements": 15, "percent_covered": 100.0, "percent_covered_display": "100", "missing_lines": 0, "excluded_lines": 0, "percent_statements_covered": 100.0, "percent_statements_covered_display": "100"}, "missing_lines": [], "excluded_lines": [], "start_line": 754}, "_warm_memory_handles": {"executed_lines": [777, 778, 779], "summary": {"covered_lines": 3, "num_statements": 5, "percent_covered": 60.0, "percent_covered_display": "60", "missing_lines": 2, "excluded_lines": 0, "percent_statements_covered": 60.0, "percent_statements_covered_display": "60"}, "missing_lines": [780, 781], "excluded_lines": [], "start_line": 776}, "_run_search_pass": {"executed_lines": [798, 799, 800, 801, 802, 803, 810, 811, 812, 813, 815, 816, 817, 819, 820, 821, 823, 834, 835, 836, 837, 838, 839], "summary": {"covered_lines": 23, "num_statements": 24, "percent_covered": 95.83333333333333, "percent_covered_display": "96", "missing_lines": 1, "excluded_lines": 0, "percent_statements_covered": 95.83333333333333, "percent_statements_covered_display": "96"}, "missing_lines": [814], "excluded_lines": [], "start_line": 784}, "_format_search_payload": {"executed_lines": [850, 851, 852, 853, 861, 868, 869, 870, 871, 874, 875, 876, 878], "summary": {"covered_lines": 13, "num_statements": 15, "percent_covered": 86.66666666666667, "percent_covered_display": "87", "missing_lines": 2, "excluded_lines": 0, "percent_statements_covered": 86.66666666666667, "percent_statements_covered_display": "87"}, "missing_lines": [872, 877], "excluded_lines": [], "start_line": 841}, "_handle_search_context": {"executed_lines": [882, 883, 886, 887, 888, 889, 890, 891, 893, 907, 908, 909, 910, 923, 924, 925, 926, 927, 929, 932, 940, 941, 942], "summary": {"covered_lines": 23, "num_statements": 25, "percent_covered": 92.0, "percent_covered_display": "92", "missing_lines": 2, "excluded_lines": 0, "percent_statements_covered": 92.0, "percent_statements_covered_display": "92"}, "missing_lines": [884, 930], "excluded_lines": [], "start_line": 881}, "_handle_store_memory": {"executed_lines": [946, 947, 948, 950, 951, 952, 953, 956, 958, 966, 967, 968, 969, 970, 972, 975, 976, 981, 982, 984, 985, 986, 987, 991], "summary": {"covered_lines": 24, "num_statements": 26, "percent_covered": 92.3076923076923, "percent_covered_display": "92", "missing_lines": 2, "excluded_lines": 0, "percent_statements_covered": 92.3076923076923, "percent_statements_covered_display": "92"}, "missing_lines": [971, 973], "excluded_lines": [], "start_line": 945}, "_handle_list_memories": {"executed_lines": [995, 1001, 1002, 1004, 1005, 1006, 1007, 1008, 1009, 1011, 1012, 1013, 1015, 1016, 1017, 1019, 1021, 1022, 1024, 1025, 1035, 1041, 1042, 1043], "summary": {"covered_lines": 24, "num_statements": 27, "percent_covered": 88.88888888888889, "percent_covered_display": "89", "missing_lines": 3, "excluded_lines": 0, "percent_statements_covered": 88.88888888888889, "percent_statements_covered_display": "89"}, "missing_lines": [1010, 1014, 1018], "excluded_lines": [], "start_line": 994}, "_handle_delete_memory": {"executed_lines": [1047, 1048, 1050, 1051, 1052, 1054, 1055, 1056, 1057, 1058, 1059, 1066], "summary": {"covered_lines": 12, "num_statements": 12, "percent_covered": 100.0, "percent_covered_display": "100", "missing_lines": 0, "excluded_lines": 0, "percent_statements_covered": 100.0, "percent_statements_covered_display": "100"}, "missing_lines": [], "excluded_lines": [], "start_line": 1046}, "call_tool": {"executed_lines": [1071, 1072, 1073, 1074, 1075, 1076, 1077, 1078, 1080], "summary": {"covered_lines": 9, "num_statements": 9, "percent_covered": 100.0, "percent_covered_display": "100", "missing_lines": 0, "excluded_lines": 0, "percent_statements_covered": 100.0, "percent_statements_covered_display": "100"}, "missing_lines": [], "excluded_lines": [], "start_line": 1070}, "list_tools": {"executed_lines": [1085], "summary": {"covered_lines": 1, "num_statements": 1, "percent_covered": 100.0, "percent_covered_display": "100", "missing_lines": 0, "excluded_lines": 0, "percent_statements_covered": 100.0, "percent_statements_covered_display": "100"}, "missing_lines": [], "excluded_lines": [], "start_line": 1084}, "main": {"executed_lines": [], "summary": {"covered_lines": 0, "num_statements": 2, "percent_covered": 0.0, "percent_covered_display": "0", "missing_lines": 2, "excluded_lines": 0, "percent_statements_covered": 0.0, "percent_statements_covered_display": "0"}, "missing_lines": [1169, 1170], "excluded_lines": [], "start_line": 1168}, "": {"executed_lines": [3, 5, 6, 7, 8, 9, 10, 11, 12, 13, 14, 15, 16, 17, 18, 20, 21, 22, 23, 25, 26, 30, 31, 32, 34, 35, 86, 88, 89, 90, 91, 99, 100, 101, 102, 103, 104, 105, 106, 107, 108, 109, 111, 112, 113, 115, 116, 117, 118, 119, 120, 121, 124, 138, 154, 163, 188, 198, 203, 213, 242, 247, 278, 285, 292, 296, 302, 312, 316, 332, 357, 388, 397, 420, 450, 517, 534, 541, 546, 603, 616, 637, 657, 670, 682, 701, 719, 731, 739, 744, 754, 776, 784, 841, 881, 945, 994, 1046, 1069, 1070, 1083, 1084, 1168, 1173], "summary": {"covered_lines": 104, "num_statements": 108, "percent_covered": 96.29629629629629, "percent_covered_display": "96", "missing_lines": 4, "excluded_lines": 6, "percent_statements_covered": 96.29629629629629, "percent_statements_covered_display": "96"}, "missing_lines": [33, 42, 47, 1174], "excluded_lines": [27, 28, 59, 60, 67, 72], "start_line": 1}}, "classes": {"": {"executed_lines": [3, 5, 6, 7, 8, 9, 10, 11, 12, 13, 14, 15, 16, 17, 18, 20, 21, 22, 23, 25, 26, 30, 31, 32, 34, 35, 86, 88, 89, 90, 91, 99, 100, 101, 102, 103, 104, 105, 106, 107, 108, 109, 111, 112, 113, 115, 116, 117, 118, 119, 120, 121, 124, 138, 139, 141, 143, 144, 145, 146, 147, 151, 154, 163, 164, 165, 166, 168, 169, 171, 177, 183, 184, 188, 189, 190, 191, 192, 193, 194, 195, 198, 203, 204, 205, 210, 213, 219, 220, 221, 222, 242, 243, 244, 247, 255, 257, 258, 260, 265, 270, 275, 278, 279, 280, 281, 285, 286, 287, 288, 292, 293, 296, 297, 299, 302, 303, 305, 306, 307, 308, 309, 312, 313, 316, 317, 318, 319, 320, 329, 332, 333, 334, 337, 339, 340, 343, 344, 346, 347, 348, 349, 350, 353, 354, 357, 365, 366, 368, 369, 370, 371, 372, 373, 374, 375, 376, 377, 378, 379, 380, 381, 382, 383, 385, 388, 389, 390, 391, 393, 394, 397, 420, 450, 461, 464, 465, 466, 468, 469, 470, 472, 473, 474, 481, 482, 488, 489, 490, 499, 500, 501, 502, 504, 507, 509, 514, 517, 518, 519, 520, 527, 528, 529, 531, 534, 535, 536, 537, 538, 541, 542, 543, 546, 552, 555, 556, 557, 558, 559, 561, 563, 564, 565, 567, 568, 569, 571, 572, 573, 574, 576, 579, 580, 581, 582, 583, 584, 586, 587, 588, 589, 590, 592, 593, 595, 596, 598, 600, 603, 604, 605, 616, 617, 618, 619, 620, 621, 622, 623, 624, 625, 626, 627, 632, 633, 634, 637, 638, 639, 641, 642, 643, 645, 646, 647, 648, 651, 652, 653, 654, 657, 658, 659, 660, 661, 662, 663, 664, 665, 666, 667, 670, 671, 672, 673, 682, 688, 689, 690, 691, 692, 694, 695, 696, 697, 698, 701, 702, 715, 716, 719, 720, 721, 722, 723, 724, 725, 726, 727, 728, 731, 732, 733, 734, 735, 739, 740, 741, 744, 754, 756, 757, 758, 760, 761, 762, 764, 765, 766, 767, 768, 769, 770, 772, 773, 776, 777, 778, 779, 784, 798, 799, 800, 801, 802, 803, 810, 811, 812, 813, 815, 816, 817, 819, 820, 821, 823, 834, 835, 836, 837, 838, 839, 841, 850, 851, 852, 853, 861, 868, 869, 870, 871, 874, 875, 876, 878, 881, 882, 883, 886, 887, 888, 889, 890, 891, 893, 907, 908, 909, 910, 923, 924, 925, 926, 927, 929, 932, 940, 941, 942, 945, 946, 947, 948, 950, 951, 952, 953, 956, 958, 966, 967, 968, 969, 970, 972, 975, 976, 981, 982, 984, 985, 986, 987, 991, 994, 995, 1001, 1002, 1004, 1005, 1006, 1007, 1008, 1009, 1011, 1012, 1013, 1015, 1016, 1017, 1019, 1021, 1022, 1024, 1025, 1035, 1041, 1042, 1043, 1046, 1047, 1048, 1050, 1051, 1052, 1054, 1055, 1056, 1057, 1058, 1059, 1066, 1069, 1070, 1071, 1072, 1073, 1074, 1075, 1076, 1077, 1078, 1080, 1083, 1084, 1085, 1168, 1173], "summary": {"covered_lines": 491, "num_statements": 582, "percent_covered": 84.36426116838489, "percent_covered_display": "84", "missing_lines": 91, "excluded_lines": 20, "percent_statements_covered": 84.36426116838489, "percent_statements_covered_display": "84"}, "missing_lines": [33, 42, 47, 140, 142, 149, 155, 160, 185, 199, 200, 237, 238, 239, 261, 262, 263, 266, 267, 268, 271, 272, 273, 282, 289, 298, 304, 335, 341, 342, 351, 352, 392, 399, 400, 401, 402, 404, 405, 406, 407, 408, 409, 410, 412, 413, 421, 422, 423, 425, 426, 432, 433, 434, 435, 436, 437, 442, 443, 444, 445, 446, 447, 462, 553, 575, 577, 594, 597, 649, 693, 736, 745, 746, 750, 751, 780, 781, 814, 872, 877, 884, 930, 971, 973, 1010, 1014, 1018, 1169, 1170, 1174], "excluded_lines": [27, 28, 59, 60, 67, 72, 223, 224, 225, 226, 227, 234, 235, 414, 415, 416, 417, 438, 439, 440], "start_line": 1}}}, "shared.py": {"executed_lines": [3, 5, 6, 7, 9, 10, 11, 12, 13, 16, 17, 20, 21, 22, 23, 24, 25, 26, 27, 28, 29, 30, 34, 35, 36, 37, 38, 39, 40, 41, 42, 43, 44, 48, 49, 52, 53, 54, 55, 56, 57, 58, 59, 60, 63, 64, 66, 67, 68, 71, 73, 76, 77, 99, 100, 101, 102, 103, 107, 108], "summary": {"covered_lines": 60, "num_statements": 67, "percent_covered": 89.55223880597015, "percent_covered_display": "90", "missing_lines": 7, "excluded_lines": 0, "percent_statements_covered": 89.55223880597015, "percent_statements_covered_display": "90"}, "missing_lines": [31, 45, 65, 69, 70, 72, 104], "excluded_lines": [], "functions": {"utc_now": {"executed_lines": [17], "summary": {"covered_lines": 1, "num_statements": 1, "percent_covered": 100.0, "percent_covered_display": "100", "missing_lines": 0, "excluded_lines": 0, "percent_statements_covered": 100.0, "percent_statements_covered_display": "100"}, "missing_lines": [], "excluded_lines": [], "start_line": 16}, "normalize_tags": {"executed_lines": [21, 22, 23, 24, 25, 26, 27, 28, 29, 30], "summary": {"covered_lines": 10, "num_statements": 11, "percent_covered": 90.9090909090909, "percent_covered_display": "91", "missing_lines": 1, "excluded_lines": 0, "percent_statements_covered": 90.9
[...]
ercent_statements_covered": 100.0, "percent_statements_covered_display": "100"}, "missing_lines": [], "excluded_lines": [], "start_line": 13}, "test_concurrent_get_memory_with_retry_initializes_once": {"executed_lines": [32, 33, 34, 36, 37, 38, 44, 45, 47, 50, 51, 53, 54], "summary": {"covered_lines": 13, "num_statements": 13, "percent_covered": 100.0, "percent_covered_display": "100", "missing_lines": 0, "excluded_lines": 0, "percent_statements_covered": 100.0, "percent_statements_covered_display": "100"}, "missing_lines": [], "excluded_lines": [], "start_line": 31}, "test_concurrent_get_memory_with_retry_initializes_once._MemoryFactory.from_config": {"executed_lines": [39, 40, 41, 42], "summary": {"covered_lines": 4, "num_statements": 4, "percent_covered": 100.0, "percent_covered_display": "100", "missing_lines": 0, "excluded_lines": 0, "percent_statements_covered": 100.0, "percent_statements_covered_display": "100"}, "missing_lines": [], "excluded_lines": [], "start_line": 38}, "test_concurrent_get_memory_with_retry_initializes_once.worker": {"executed_lines": [48], "summary": {"covered_lines": 1, "num_statements": 1, "percent_covered": 100.0, "percent_covered_display": "100", "missing_lines": 0, "excluded_lines": 0, "percent_statements_covered": 100.0, "percent_statements_covered_display": "100"}, "missing_lines": [], "excluded_lines": [], "start_line": 47}, "test_search_project_sync_uses_retry_helper": {"executed_lines": [58, 60, 61, 64, 68, 70, 71, 72], "summary": {"covered_lines": 8, "num_statements": 8, "percent_covered": 100.0, "percent_covered_display": "100", "missing_lines": 0, "excluded_lines": 0, "percent_statements_covered": 100.0, "percent_statements_covered_display": "100"}, "missing_lines": [], "excluded_lines": [], "start_line": 57}, "test_search_project_sync_uses_retry_helper._DummyMemory.search": {"executed_lines": [62], "summary": {"covered_lines": 1, "num_statements": 1, "percent_covered": 100.0, "percent_covered_display": "100", "missing_lines": 0, "excluded_lines": 0, "percent_statements_covered": 100.0, "percent_statements_covered_display": "100"}, "missing_lines": [], "excluded_lines": [], "start_line": 61}, "test_search_project_sync_uses_retry_helper.fake_get_memory_with_retry": {"executed_lines": [65, 66], "summary": {"covered_lines": 2, "num_statements": 2, "percent_covered": 100.0, "percent_covered_display": "100", "missing_lines": 0, "excluded_lines": 0, "percent_statements_covered": 100.0, "percent_statements_covered_display": "100"}, "missing_lines": [], "excluded_lines": [], "start_line": 64}, "test_store_list_delete_use_retry_helper": {"executed_lines": [76, 78, 79, 82, 85, 88, 91, 93, 97, 99, 105, 111, 118, 123], "summary": {"covered_lines": 14, "num_statements": 14, "percent_covered": 100.0, "percent_covered_display": "100", "missing_lines": 0, "excluded_lines": 0, "percent_statements_covered": 100.0, "percent_statements_covered_display": "100"}, "missing_lines": [], "excluded_lines": [], "start_line": 75}, "test_store_list_delete_use_retry_helper._DummyMemory.__init__": {"executed_lines": [80], "summary": {"covered_lines": 1, "num_statements": 1, "percent_covered": 100.0, "percent_covered_display": "100", "missing_lines": 0, "excluded_lines": 0, "percent_statements_covered": 100.0, "percent_statements_covered_display": "100"}, "missing_lines": [], "excluded_lines": [], "start_line": 79}, "test_store_list_delete_use_retry_helper._DummyMemory.get_all": {"executed_lines": [83], "summary": {"covered_lines": 1, "num_statements": 1, "percent_covered": 100.0, "percent_covered_display": "100", "missing_lines": 0, "excluded_lines": 0, "percent_statements_covered": 100.0, "percent_statements_covered_display": "100"}, "missing_lines": [], "excluded_lines": [], "start_line": 82}, "test_store_list_delete_use_retry_helper._DummyMemory.add": {"executed_lines": [86], "summary": {"covered_lines": 1, "num_statements": 1, "percent_covered": 100.0, "percent_covered_display": "100", "missing_lines": 0, "excluded_lines": 0, "percent_statements_covered": 100.0, "percent_statements_covered_display": "100"}, "missing_lines": [], "excluded_lines": [], "start_line": 85}, "test_store_list_delete_use_retry_helper._DummyMemory.delete": {"executed_lines": [89], "summary": {"covered_lines": 1, "num_statements": 1, "percent_covered": 100.0, "percent_covered_display": "100", "missing_lines": 0, "excluded_lines": 0, "percent_statements_covered": 100.0, "percent_statements_covered_display": "100"}, "missing_lines": [], "excluded_lines": [], "start_line": 88}, "test_store_list_delete_use_retry_helper.fake_get_memory_with_retry": {"executed_lines": [94, 95], "summary": {"covered_lines": 2, "num_statements": 2, "percent_covered": 100.0, "percent_covered_display": "100", "missing_lines": 0, "excluded_lines": 0, "percent_statements_covered": 100.0, "percent_statements_covered_display": "100"}, "missing_lines": [], "excluded_lines": [], "start_line": 93}, "": {"executed_lines": [1, 3, 4, 5, 6, 9, 31, 57, 75], "summary": {"covered_lines": 9, "num_statements": 9, "percent_covered": 100.0, "percent_covered_display": "100", "missing_lines": 0, "excluded_lines": 0, "percent_statements_covered": 100.0, "percent_statements_covered_display": "100"}, "missing_lines": [], "excluded_lines": [], "start_line": 1}}, "classes": {"test_concurrent_get_memory_with_retry_initializes_once._MemoryFactory": {"executed_lines": [39, 40, 41, 42], "summary": {"covered_lines": 4, "num_statements": 4, "percent_covered": 100.0, "percent_covered_display": "100", "missing_lines": 0, "excluded_lines": 0, "percent_statements_covered": 100.0, "percent_statements_covered_display": "100"}, "missing_lines": [], "excluded_lines": [], "start_line": 36}, "test_search_project_sync_uses_retry_helper._DummyMemory": {"executed_lines": [62], "summary": {"covered_lines": 1, "num_statements": 1, "percent_covered": 100.0, "percent_covered_display": "100", "missing_lines": 0, "excluded_lines": 0, "percent_statements_covered": 100.0, "percent_statements_covered_display": "100"}, "missing_lines": [], "excluded_lines": [], "start_line": 60}, "test_store_list_delete_use_retry_helper._DummyMemory": {"executed_lines": [80, 83, 86, 89], "summary": {"covered_lines": 4, "num_statements": 4, "percent_covered": 100.0, "percent_covered_display": "100", "missing_lines": 0, "excluded_lines": 0, "percent_statements_covered": 100.0, "percent_statements_covered_display": "100"}, "missing_lines": [], "excluded_lines": [], "start_line": 78}, "": {"executed_lines": [1, 3, 4, 5, 6, 9, 10, 11, 13, 14, 15, 16, 17, 19, 20, 22, 27, 28, 31, 32, 33, 34, 36, 37, 38, 44, 45, 47, 48, 50, 51, 53, 54, 57, 58, 60, 61, 64, 65, 66, 68, 70, 71, 72, 75, 76, 78, 79, 82, 85, 88, 91, 93, 94, 95, 97, 99, 105, 111, 118, 123], "summary": {"covered_lines": 61, "num_statements": 61, "percent_covered": 100.0, "percent_covered_display": "100", "missing_lines": 0, "excluded_lines": 0, "percent_statements_covered": 100.0, "percent_statements_covered_display": "100"}, "missing_lines": [], "excluded_lines": [], "start_line": 1}}}, "tests/test_project_inference.py": {"executed_lines": [1, 4, 5, 9, 12, 13, 25, 29, 30, 31, 34, 35, 47, 51, 52, 53, 56, 57, 72, 77, 78, 79, 82, 83, 96, 97, 98], "summary": {"covered_lines": 27, "num_statements": 27, "percent_covered": 100.0, "percent_covered_display": "100", "missing_lines": 0, "excluded_lines": 0, "percent_statements_covered": 100.0, "percent_statements_covered_display": "100"}, "missing_lines": [], "excluded_lines": [], "functions": {"_resolve_scope": {"executed_lines": [5, 9], "summary": {"covered_lines": 2, "num_statements": 2, "percent_covered": 100.0, "percent_covered_display": "100", "missing_lines": 0, "excluded_lines": 0, "percent_statements_covered": 100.0, "percent_statements_covered_display": "100"}, "missing_lines": [], "excluded_lines": [], "start_line": 4}, "test_infer_from_project_id_tokens": {"executed_lines": [13, 25, 29, 30, 31], "summary": {"covered_lines": 5, "num_statements": 5, "percent_covered": 100.0, "percent_covered_display": "100", "missing_lines": 0, "excluded_lines": 0, "percent_statements_covered": 100.0, "percent_statements_covered_display": "100"}, "missing_lines": [], "excluded_lines": [], "start_line": 12}, "test_infer_from_tags": {"executed_lines": [35, 47, 51, 52, 53], "summary": {"covered_lines": 5, "num_statements": 5, "percent_covered": 100.0, "percent_covered_display": "100", "missing_lines": 0, "excluded_lines": 0, "percent_statements_covered": 100.0, "percent_statements_covered_display": "100"}, "missing_lines": [], "excluded_lines": [], "start_line": 34}, "test_infer_uses_repo_hint": {"executed_lines": [57, 72, 77, 78, 79], "summary": {"covered_lines": 5, "num_statements": 5, "percent_covered": 100.0, "percent_covered_display": "100", "missing_lines": 0, "excluded_lines": 0, "percent_statements_covered": 100.0, "percent_statements_covered_display": "100"}, "missing_lines": [], "excluded_lines": [], "start_line": 56}, "test_infer_top_two_deterministic_tie_break": {"executed_lines": [83, 96, 97, 98], "summary": {"covered_lines": 4, "num_statements": 4, "percent_covered": 100.0, "percent_covered_display": "100", "missing_lines": 0, "excluded_lines": 0, "percent_statements_covered": 100.0, "percent_statements_covered_display": "100"}, "missing_lines": [], "excluded_lines": [], "start_line": 82}, "": {"executed_lines": [1, 4, 12, 34, 56, 82], "summary": {"covered_lines": 6, "num_statements": 6, "percent_covered": 100.0, "percent_covered_display": "100", "missing_lines": 0, "excluded_lines": 0, "percent_statements_covered": 100.0, "percent_statements_covered_display": "100"}, "missing_lines": [], "excluded_lines": [], "start_line": 1}}, "classes": {"": {"executed_lines": [1, 4, 5, 9, 12, 13, 25, 29, 30, 31, 34, 35, 47, 51, 52, 53, 56, 57, 72, 77, 78, 79, 82, 83, 96, 97, 98], "summary": {"covered_lines": 27, "num_statements": 27, "percent_covered": 100.0, "percent_covered_display": "100", "missing_lines": 0, "excluded_lines": 0, "percent_statements_covered": 100.0, "percent_statements_covered_display": "100"}, "missing_lines": [], "excluded_lines": [], "start_line": 1}}}, "tests/test_relevance_engine.py": {"executed_lines": [1, 3, 6, 7, 15, 16, 17, 25, 26, 27, 34, 37, 38, 39, 40, 41, 42, 45, 46, 53, 54, 56, 57, 58, 59, 61, 62, 64, 65], "summary": {"covered_lines": 29, "num_statements": 29, "percent_covered": 100.0, "percent_covered_display": "100", "missing_lines": 0, "excluded_lines": 0, "percent_statements_covered": 100.0, "percent_statements_covered_display": "100"}, "missing_lines": [], "excluded_lines": [], "functions": {"_make_item": {"executed_lines": [7, 15, 16, 17], "summary": {"covered_lines": 4, "num_statements": 4, "percent_covered": 100.0, "percent_covered_display": "100", "missing_lines": 0, "excluded_lines": 0, "percent_statements_covered": 100.0, "percent_statements_covered_display": "100"}, "missing_lines": [], "excluded_lines": [], "start_line": 6}, "test_metadata_component_weights": {"executed_lines": [26, 27, 34], "summary": {"covered_lines": 3, "num_statements": 3, "percent_covered": 100.0, "percent_covered_display": "100", "missing_lines": 0, "excluded_lines": 0, "percent_statements_covered": 100.0, "percent_statements_covered_display": "100"}, "missing_lines": [], "excluded_lines": [], "start_line": 25}, "test_dedupe_prefers_lower_distance": {"executed_lines": [38, 39, 40, 41, 42], "summary": {"covered_lines": 5, "num_statements": 5, "percent_covered": 100.0, "percent_covered_display": "100", "missing_lines": 0, "excluded_lines": 0, "percent_statements_covered": 100.0, "percent_statements_covered_display": "100"}, "missing_lines": [], "excluded_lines": [], "start_line": 37}, "test_pack_candidates_respects_budget_and_diversity": {"executed_lines": [46, 53, 54, 56, 57, 58, 59, 61, 62, 64, 65], "summary": {"covered_lines": 11, "num_statements": 11, "percent_covered": 100.0, "percent_covered_display": "100", "missing_lines": 0, "excluded_lines": 0, "percent_statements_covered": 100.0, "percent_statements_covered_display": "100"}, "missing_lines": [], "excluded_lines": [], "start_line": 45}, "": {"executed_lines": [1, 3, 6, 25, 37, 45], "summary": {"covered_lines": 6, "num_statements": 6, "percent_covered": 100.0, "percent_covered_display": "100", "missing_lines": 0, "excluded_lines": 0, "percent_statements_covered": 100.0, "percent_statements_covered_display": "100"}, "missing_lines": [], "excluded_lines": [], "start_line": 1}}, "classes": {"": {"executed_lines": [1, 3, 6, 7, 15, 16, 17, 25, 26, 27, 34, 37, 38, 39, 40, 41, 42, 45, 46, 53, 54, 56, 57, 58, 59, 61, 62, 64, 65], "summary": {"covered_lines": 29, "num_statements": 29, "percent_covered": 100.0, "percent_covered_display": "100", "missing_lines": 0, "excluded_lines": 0, "percent_statements_covered": 100.0, "percent_statements_covered_display": "100"}, "missing_lines": [], "excluded_lines": [], "start_line": 1}}}, "tests/test_search_context_api_compat.py": {"executed_lines": [1, 3, 6, 7, 21, 22, 25, 26, 27, 30, 31, 32, 44, 45, 46, 48, 57, 58, 59, 62, 63, 64, 92, 93, 94, 96, 108, 109, 110, 111, 114, 115, 116, 128, 129, 130, 132, 143, 144, 147, 148, 149, 170, 178, 179, 180, 181, 183, 192, 193, 194, 197, 198, 200, 201, 202, 203, 204, 205, 219, 224, 225, 226, 227, 228, 229, 231, 240, 241, 242, 243], "summary": {"covered_lines": 71, "num_statements": 72, "percent_covered": 98.61111111111111, "percent_covered_display": "99", "missing_lines": 1, "excluded_lines": 0, "percent_statements_covered": 98.61111111111111, "percent_statements_covered_display": "99"}, "missing_lines": [217], "excluded_lines": [], "functions": {"_memory_item": {"executed_lines": [7], "summary": {"covered_lines": 1, "num_statements": 1, "percent_covered": 100.0, "percent_covered_display": "100", "missing_lines": 0, "excluded_lines": 0, "percent_statements_covered": 100.0, "percent_statements_covered_display": "100"}, "missing_lines": [], "excluded_lines": [], "start_line": 6}, "_run": {"executed_lines": [22], "summary": {"covered_lines": 1, "num_statements": 1, "percent_covered": 100.0, "percent_covered_display": "100", "missing_lines": 0, "excluded_lines": 0, "percent_statements_covered": 100.0, "percent_statements_covered_display": "100"}, "missing_lines": [], "excluded_lines": [], "start_line": 21}, "test_unknown_tool_returns_expected_error": {"executed_lines": [26, 27], "summary": {"covered_lines": 2, "num_statements": 2, "percent_covered": 100.0, "percent_covered_display": "100", "missing_lines": 0, "excluded_lines": 0, "percent_statements_covered": 100.0, "percent_statements_covered_display": "100"}, "missing_lines": [], "excluded_lines": [], "start_line": 25}, "test_single_project_backward_compatible": {"executed_lines": [31, 44, 45, 46, 48, 57, 58, 59], "summary": {"covered_lines": 8, "num_statements": 8, "percent_covered": 100.0, "percent_covered_display": "100", "missing_lines": 0, "excluded_lines": 0, "percent_statements_covered": 100.0, "percent_statements_covered_display": "100"}, "missing_lines": [], "excluded_lines": [], "start_line": 30}, "test_single_project_backward_compatible.fake_collect": {"executed_lines": [32], "summary": {"covered_lines": 1, "num_statements": 1, "percent_covered": 100.0, "percent_covered_display": "100", "missing_lines": 0, "excluded_lines": 0, "percent_statements_covered": 100.0, "percent_statements_covered_display": "100"}, "missing_lines": [], "excluded_lines": [], "start_line": 31}, "test_multi_project_and_repo_filter": {"executed_lines": [63, 92, 93, 94, 96, 108, 109, 110, 111], "summary": {"covered_lines": 9, "num_statements": 9, "percent_covered": 100.0, "percent_covered_display": "100", "missing_lines": 0, "excluded_lines": 0, "percent_statements_covered": 100.0, "percent_statements_covered_display": "100"}, "missing_lines": [], "excluded_lines": [], "start_line": 62}, "test_multi_project_and_repo_filter.fake_collect": {"executed_lines": [64], "summary": {"covered_lines": 1, "num_statements": 1, "percent_covered": 100.0, "percent_covered_display": "100", "missing_lines": 0, "excluded_lines": 0, "percent_statements_covered": 100.0, "percent_statements_covered_display": "100"}, "missing_lines": [], "excluded_lines": [], "start_line": 63}, "test_debug_includes_score_components": {"executed_lines": [115, 128, 129, 130, 132, 143, 144], "summary": {"covered_lines": 7, "num_statements": 7, "percent_covered": 100.0, "percent_covered_display": "100", "missing_lines": 0, "excluded_lines": 0, "percent_statements_covered": 100.0, "percent_statements_covered_display": "100"}, "missing_lines": [], "excluded_lines": [], "start_line": 114}, "test_debug_includes_score_components.fake_collect": {"executed_lines": [116], "summary": {"covered_lines": 1, "num_statements": 1, "percent_covered": 100.0, "percent_covered_display": "100", "missing_lines": 0, "excluded_lines": 0, "percent_statements_covered": 100.0, "percent_statements_covered_display": "100"}, "missing_lines": [], "excluded_lines": [], "start_line": 115}, "test_inferred_scope_without_explicit_project_ids": {"executed_lines": [148, 170, 178, 179, 180, 181, 183, 192, 193, 194], "summary": {"covered_lines": 10, "num_statements": 10, "percent_covered": 100.0, "percent_covered_display": "100", "missing_lines": 0, "excluded_lines": 0, "percent_statements_covered": 100.0, "percent_statements_covered_display": "100"}, "missing_lines": [], "excluded_lines": [], "start_line": 147}, "test_inferred_scope_without_explicit_project_ids.fake_collect": {"executed_lines": [149], "summary": {"covered_lines": 1, "num_statements": 1, "percent_covered": 100.0, "percent_covered_display": "100", "missing_lines": 0, "excluded_lines": 0, "percent_statements_covered": 100.0, "percent_statements_covered_display": "100"}, "missing_lines": [], "excluded_lines": [], "start_line": 148}, "test_inferred_no_hit_triggers_fallback_retry": {"executed_lines": [198, 200, 219, 224, 225, 226, 227, 228, 229, 231, 240, 241, 242, 243], "summary": {"covered_lines": 14, "num_statements": 14, "percent_covered": 100.0, "percent_covered_display": "100", "missing_lines": 0, "excluded_lines": 0, "percent_statements_covered": 100.0, "percent_statements_covered_display": "100"}, "missing_lines": [], "excluded_lines": [], "start_line": 197}, "test_inferred_no_hit_triggers_fallback_retry.fake_collect": {"executed_lines": [201, 202, 203, 204, 205], "summary": {"covered_lines": 5, "num_statements": 6, "percent_covered": 83.33333333333333, "percent_covered_display": "83", "missing_lines": 1, "excluded_lines": 0, "percent_statements_covered": 83.33333333333333, "percent_statements_covered_display": "83"}, "missing_lines": [217], "excluded_lines": [], "start_line": 200}, "": {"executed_lines": [1, 3, 6, 21, 25, 30, 62, 114, 147, 197], "summary": {"covered_lines": 10, "num_statements": 10, "percent_covered": 100.0, "percent_covered_display": "100", "missing_lines": 0, "excluded_lines": 0, "percent_statements_covered": 100.0, "percent_statements_covered_display": "100"}, "missing_lines": [], "excluded_lines": [], "start_line": 1}}, "classes": {"": {"executed_lines": [1, 3, 6, 7, 21, 22, 25, 26, 27, 30, 31, 32, 44, 45, 46, 48, 57, 58, 59, 62, 63, 64, 92, 93, 94, 96, 108, 109, 110, 111, 114, 115, 116, 128, 129, 130, 132, 143, 144, 147, 148, 149, 170, 178, 179, 180, 181, 183, 192, 193, 194, 197, 198, 200, 201, 202, 203, 204, 205, 219, 224, 225, 226, 227, 228, 229, 231, 240, 241, 242, 243], "summary": {"covered_lines": 71, "num_statements": 72, "percent_covered": 98.61111111111111, "percent_covered_display": "99", "missing_lines": 1, "excluded_lines": 0, "percent_statements_covered": 98.61111111111111, "percent_statements_covered_display": "99"}, "missing_lines": [217], "excluded_lines": [], "start_line": 1}}}}, "totals": {"covered_lines": 2014, "num_statements": 2380, "percent_covered": 84.6218487394958, "percent_covered_display": "85", "missing_lines": 366, "excluded_lines": 32, "percent_statements_covered": 84.6218487394958, "percent_statements_covered_display": "85"}}